{"asctime": "2024-10-31 12:46:44,688", "levelname": "INFO", "message": "initializing user_notebook", "name": "c:\\Users\\Divyansh\\Desktop\\jarvis 69\\jarvis 10\\util\\func\\user_notebook.py", "funcName": "__init__", "action": "init", "userNotebook": "<modules.database.text_store.TextStore object at 0x00000237548BBEE0>"}
{"asctime": "2024-10-31 12:46:58,653", "levelname": "INFO", "message": "getting text", "name": "c:\\Users\\Divyansh\\Desktop\\jarvis 69\\jarvis 10\\util\\func\\user_notebook.py", "funcName": "getText", "action": "getText", "start": null, "end": null}
{"asctime": "2024-10-31 12:47:51,557", "levelname": "INFO", "message": "initializing user_notebook", "name": "c:\\Users\\Divyansh\\Desktop\\jarvis 69\\jarvis 10\\util\\func\\user_notebook.py", "funcName": "__init__", "action": "init", "userNotebook": "<modules.database.text_store.TextStore object at 0x0000020E2E048580>"}
{"asctime": "2024-10-31 12:48:04,493", "levelname": "INFO", "message": "getting text", "name": "c:\\Users\\Divyansh\\Desktop\\jarvis 69\\jarvis 10\\util\\func\\user_notebook.py", "funcName": "getText", "action": "getText", "start": null, "end": null}
{"asctime": "2024-10-31 12:50:07,200", "levelname": "INFO", "message": "initializing user_notebook", "name": "c:\\Users\\Divyansh\\Desktop\\jarvis 69\\jarvis 10\\util\\func\\user_notebook.py", "funcName": "__init__", "action": "init", "userNotebook": "<modules.database.text_store.TextStore object at 0x0000025CD2B88640>"}
{"asctime": "2024-10-31 12:50:18,603", "levelname": "INFO", "message": "getting text", "name": "c:\\Users\\Divyansh\\Desktop\\jarvis 69\\jarvis 10\\util\\func\\user_notebook.py", "funcName": "getText", "action": "getText", "start": null, "end": null}
{"asctime": "2024-10-31 12:53:59,184", "levelname": "INFO", "message": "initializing user_notebook", "name": "c:\\Users\\Divyansh\\Desktop\\jarvis 69\\jarvis 10\\util\\func\\user_notebook.py", "funcName": "__init__", "action": "init", "userNotebook": "<modules.database.text_store.TextStore object at 0x00000237721285B0>"}
{"asctime": "2024-10-31 12:54:09,635", "levelname": "INFO", "message": "getting text", "name": "c:\\Users\\Divyansh\\Desktop\\jarvis 69\\jarvis 10\\util\\func\\user_notebook.py", "funcName": "getText", "action": "getText", "start": null, "end": null}
{"asctime": "2024-10-31 12:55:19,105", "levelname": "INFO", "message": "initializing user_notebook", "name": "c:\\Users\\Divyansh\\Desktop\\jarvis 69\\jarvis 10\\util\\func\\user_notebook.py", "funcName": "__init__", "action": "init", "userNotebook": "<modules.database.text_store.TextStore object at 0x0000023089518670>"}
{"asctime": "2024-10-31 12:55:28,740", "levelname": "INFO", "message": "getting text", "name": "c:\\Users\\Divyansh\\Desktop\\jarvis 69\\jarvis 10\\util\\func\\user_notebook.py", "funcName": "getText", "action": "getText", "start": null, "end": null}
{"asctime": "2024-10-31 12:57:20,239", "levelname": "INFO", "message": "initializing user_notebook", "name": "c:\\Users\\Divyansh\\Desktop\\jarvis 69\\jarvis 10\\util\\func\\user_notebook.py", "funcName": "__init__", "action": "init", "userNotebook": "<modules.database.text_store.TextStore object at 0x000002122C8C85E0>"}
{"asctime": "2024-10-31 13:02:37,863", "levelname": "INFO", "message": "initializing user_notebook", "name": "c:\\Users\\Divyansh\\Desktop\\jarvis 69\\jarvis 10\\util\\func\\user_notebook.py", "funcName": "__init__", "action": "init", "userNotebook": "<modules.database.text_store.TextStore object at 0x000001F0668B87C0>"}
{"asctime": "2024-10-31 13:03:14,863", "levelname": "INFO", "message": "getting text", "name": "c:\\Users\\Divyansh\\Desktop\\jarvis 69\\jarvis 10\\util\\func\\user_notebook.py", "funcName": "getText", "action": "getText", "start": null, "end": null}
{"asctime": "2024-10-31 13:07:42,797", "levelname": "INFO", "message": "initializing user_notebook", "name": "c:\\Users\\Divyansh\\Desktop\\jarvis 69\\jarvis 10\\util\\func\\user_notebook.py", "funcName": "__init__", "action": "init", "userNotebook": "<modules.database.text_store.TextStore object at 0x0000018C79C387C0>"}
{"asctime": "2024-10-31 13:08:22,927", "levelname": "INFO", "message": "getting text", "name": "c:\\Users\\Divyansh\\Desktop\\jarvis 69\\jarvis 10\\util\\func\\user_notebook.py", "funcName": "getText", "action": "getText", "start": null, "end": null}
{"asctime": "2024-10-31 13:10:17,539", "levelname": "INFO", "message": "adding record", "name": "c:\\Users\\Divyansh\\Desktop\\jarvis 69\\jarvis 10\\util\\func\\user_notebook.py", "funcName": "addRecord", "action": "addRecord", "textLine": "091aa4437e73826775ba4464e390c0b47ec0f1dcad61d0d24993d3a48cb7c5c7"}
{"asctime": "2024-10-31 13:10:34,374", "levelname": "INFO", "message": "getting text", "name": "c:\\Users\\Divyansh\\Desktop\\jarvis 69\\jarvis 10\\util\\func\\user_notebook.py", "funcName": "getText", "action": "getText", "start": null, "end": null}
{"asctime": "2024-10-31 13:10:34,428", "levelname": "INFO", "message": "getting text", "name": "c:\\Users\\Divyansh\\Desktop\\jarvis 69\\jarvis 10\\util\\func\\user_notebook.py", "funcName": "getText", "action": "getText", "start": null, "end": null}
{"asctime": "2024-10-31 13:10:52,430", "levelname": "INFO", "message": "getting text", "name": "c:\\Users\\Divyansh\\Desktop\\jarvis 69\\jarvis 10\\util\\func\\user_notebook.py", "funcName": "getText", "action": "getText", "start": null, "end": null}
{"asctime": "2024-10-31 13:10:52,475", "levelname": "INFO", "message": "getting text", "name": "c:\\Users\\Divyansh\\Desktop\\jarvis 69\\jarvis 10\\util\\func\\user_notebook.py", "funcName": "getText", "action": "getText", "start": null, "end": null}
{"asctime": "2024-10-31 13:12:54,706", "levelname": "INFO", "message": "getting text", "name": "c:\\Users\\Divyansh\\Desktop\\jarvis 69\\jarvis 10\\util\\func\\user_notebook.py", "funcName": "getText", "action": "getText", "start": null, "end": null}
{"asctime": "2024-10-31 13:12:54,754", "levelname": "INFO", "message": "getting text", "name": "c:\\Users\\Divyansh\\Desktop\\jarvis 69\\jarvis 10\\util\\func\\user_notebook.py", "funcName": "getText", "action": "getText", "start": null, "end": null}
{"asctime": "2024-10-31 13:21:46,341", "levelname": "INFO", "message": "initializing user_notebook", "name": "c:\\Users\\Divyansh\\Desktop\\jarvis 69\\jarvis 10\\util\\func\\user_notebook.py", "funcName": "__init__", "action": "init", "userNotebook": "<modules.database.text_store.TextStore object at 0x0000018302B38850>"}
{"asctime": "2024-10-31 13:21:55,642", "levelname": "INFO", "message": "getting text", "name": "c:\\Users\\Divyansh\\Desktop\\jarvis 69\\jarvis 10\\util\\func\\user_notebook.py", "funcName": "getText", "action": "getText", "start": null, "end": null}
{"asctime": "2024-10-31 13:42:53,332", "levelname": "INFO", "message": "initializing user_notebook", "name": "c:\\Users\\Divyansh\\Desktop\\jarvis 69\\jarvis 10\\util\\func\\user_notebook.py", "funcName": "__init__", "action": "init", "userNotebook": "<modules.database.text_store.TextStore object at 0x0000024A9D6187C0>"}
{"asctime": "2024-10-31 13:43:27,354", "levelname": "INFO", "message": "getting text", "name": "c:\\Users\\Divyansh\\Desktop\\jarvis 69\\jarvis 10\\util\\func\\user_notebook.py", "funcName": "getText", "action": "getText", "start": null, "end": null}
{"asctime": "2024-10-31 13:43:45,493", "levelname": "INFO", "message": "getting text", "name": "c:\\Users\\Divyansh\\Desktop\\jarvis 69\\jarvis 10\\util\\func\\user_notebook.py", "funcName": "getText", "action": "getText", "start": null, "end": null}
{"asctime": "2024-10-31 13:44:10,367", "levelname": "INFO", "message": "getting text", "name": "c:\\Users\\Divyansh\\Desktop\\jarvis 69\\jarvis 10\\util\\func\\user_notebook.py", "funcName": "getText", "action": "getText", "start": null, "end": null}
{"asctime": "2024-11-01 03:08:40,639", "levelname": "INFO", "message": "initializing user_notebook", "name": "C:\\Users\\Divyansh\\Desktop\\jarvis 69\\jarvis 10\\util\\func\\user_notebook.py", "funcName": "__init__", "action": "init", "userNotebook": "<modules.database.text_store.TextStore object at 0x00000222BE813460>"}
{"asctime": "2024-11-01 03:10:28,306", "levelname": "INFO", "message": "initializing user_notebook", "name": "C:\\Users\\Divyansh\\Desktop\\jarvis 69\\jarvis 10\\util\\func\\user_notebook.py", "funcName": "__init__", "action": "init", "userNotebook": "<modules.database.text_store.TextStore object at 0x000002A9001C3550>"}
{"asctime": "2024-11-01 03:10:43,599", "levelname": "INFO", "message": "getting text", "name": "C:\\Users\\Divyansh\\Desktop\\jarvis 69\\jarvis 10\\util\\func\\user_notebook.py", "funcName": "getText", "action": "getText", "start": null, "end": null}
{"asctime": "2024-11-01 03:13:37,399", "levelname": "INFO", "message": "initializing user_notebook", "name": "C:\\Users\\Divyansh\\Desktop\\jarvis 69\\jarvis 10\\util\\func\\user_notebook.py", "funcName": "__init__", "action": "init", "userNotebook": "<modules.database.text_store.TextStore object at 0x000001A5FD903400>"}
{"asctime": "2024-11-01 03:13:44,310", "levelname": "INFO", "message": "getting text", "name": "C:\\Users\\Divyansh\\Desktop\\jarvis 69\\jarvis 10\\util\\func\\user_notebook.py", "funcName": "getText", "action": "getText", "start": null, "end": null}
{"asctime": "2024-11-01 03:14:24,717", "levelname": "INFO", "message": "initializing user_notebook", "name": "C:\\Users\\Divyansh\\Desktop\\jarvis 69\\jarvis 10\\util\\func\\user_notebook.py", "funcName": "__init__", "action": "init", "userNotebook": "<modules.database.text_store.TextStore object at 0x000002BB716B3340>"}
{"asctime": "2024-11-01 03:14:39,326", "levelname": "INFO", "message": "getting text", "name": "C:\\Users\\Divyansh\\Desktop\\jarvis 69\\jarvis 10\\util\\func\\user_notebook.py", "funcName": "getText", "action": "getText", "start": null, "end": null}
{"asctime": "2024-11-06 22:38:10,139", "levelname": "INFO", "message": "initializing user_notebook", "name": "c:\\Users\\Divyansh\\Desktop\\jarvis 69\\jarvis 10\\util\\func\\user_notebook.py", "funcName": "__init__", "action": "init", "userNotebook": "<modules.database.text_store.TextStore object at 0x000002AF13AB0D90>"}
{"asctime": "2024-11-06 22:38:19,635", "levelname": "INFO", "message": "getting text", "name": "c:\\Users\\Divyansh\\Desktop\\jarvis 69\\jarvis 10\\util\\func\\user_notebook.py", "funcName": "getText", "action": "getText", "start": null, "end": null}
{"asctime": "2024-11-06 22:39:00,795", "levelname": "INFO", "message": "getting text", "name": "c:\\Users\\Divyansh\\Desktop\\jarvis 69\\jarvis 10\\util\\func\\user_notebook.py", "funcName": "getText", "action": "getText", "start": null, "end": null}
{"asctime": "2024-11-06 22:39:31,120", "levelname": "INFO", "message": "getting text", "name": "c:\\Users\\Divyansh\\Desktop\\jarvis 69\\jarvis 10\\util\\func\\user_notebook.py", "funcName": "getText", "action": "getText", "start": null, "end": null}
{"asctime": "2024-11-06 22:42:37,905", "levelname": "INFO", "message": "initializing user_notebook", "name": "c:\\Users\\Divyansh\\Desktop\\jarvis 69\\jarvis 10\\util\\func\\user_notebook.py", "funcName": "__init__", "action": "init", "userNotebook": "<modules.database.text_store.TextStore object at 0x00000259EC920CA0>"}
{"asctime": "2024-11-06 22:43:20,991", "levelname": "INFO", "message": "getting text", "name": "c:\\Users\\Divyansh\\Desktop\\jarvis 69\\jarvis 10\\util\\func\\user_notebook.py", "funcName": "getText", "action": "getText", "start": null, "end": null}
{"asctime": "2024-12-20 18:46:00,451", "levelname": "INFO", "message": "initializing user_notebook", "name": "C:\\Users\\ASUS\\PycharmProjects\\jarvis-69-main\\jarvis 10\\util\\func\\user_notebook.py", "funcName": "__init__", "action": "init", "userNotebook": "<modules.database.text_store.TextStore object at 0x0000029D979973A0>"}
{"asctime": "2024-12-20 18:46:07,716", "levelname": "INFO", "message": "getting text", "name": "C:\\Users\\ASUS\\PycharmProjects\\jarvis-69-main\\jarvis 10\\util\\func\\user_notebook.py", "funcName": "getText", "action": "getText", "start": null, "end": null}
{"asctime": "2024-12-20 18:46:27,895", "levelname": "INFO", "message": "getting text", "name": "C:\\Users\\ASUS\\PycharmProjects\\jarvis-69-main\\jarvis 10\\util\\func\\user_notebook.py", "funcName": "getText", "action": "getText", "start": null, "end": null}
{"asctime": "2024-12-20 18:47:26,899", "levelname": "INFO", "message": "initializing user_notebook", "name": "C:\\Users\\ASUS\\PycharmProjects\\jarvis-69-main\\jarvis 10\\util\\func\\user_notebook.py", "funcName": "__init__", "action": "init", "userNotebook": "<modules.database.text_store.TextStore object at 0x0000010C946FD780>"}
{"asctime": "2024-12-20 18:58:20,796", "levelname": "INFO", "message": "initializing user_notebook", "name": "C:\\Users\\ASUS\\PycharmProjects\\jarvis-69-main\\jarvis 10\\util\\func\\user_notebook.py", "funcName": "__init__", "action": "init", "userNotebook": "<modules.database.text_store.TextStore object at 0x000001559D6F7400>"}
{"asctime": "2024-12-20 20:24:57,067", "levelname": "INFO", "message": "initializing user_notebook", "name": "C:\\Users\\ASUS\\PycharmProjects\\jarvis-69-main\\jarvis 10\\util\\func\\user_notebook.py", "funcName": "__init__", "action": "init", "userNotebook": "<modules.database.text_store.TextStore object at 0x000001CA4BFC7340>"}
{"asctime": "2024-12-20 20:25:43,594", "levelname": "INFO", "message": "initializing user_notebook", "name": "C:\\Users\\ASUS\\PycharmProjects\\jarvis-69-main\\jarvis 10\\util\\func\\user_notebook.py", "funcName": "__init__", "action": "init", "userNotebook": "<modules.database.text_store.TextStore object at 0x0000026CB1467310>"}
{"asctime": "2024-12-20 20:26:20,011", "levelname": "INFO", "message": "getting text", "name": "C:\\Users\\ASUS\\PycharmProjects\\jarvis-69-main\\jarvis 10\\util\\func\\user_notebook.py", "funcName": "getText", "action": "getText", "start": null, "end": null}
{"asctime": "2024-12-20 20:26:44,065", "levelname": "INFO", "message": "adding record", "name": "C:\\Users\\ASUS\\PycharmProjects\\jarvis-69-main\\jarvis 10\\util\\func\\user_notebook.py", "funcName": "addRecord", "action": "addRecord", "textLine": "54044c3554fdef211eb1355ee03c97bb87a851e43eb7123bb235aacb39ef0431"}
{"asctime": "2024-12-20 20:26:56,359", "levelname": "INFO", "message": "getting text", "name": "C:\\Users\\ASUS\\PycharmProjects\\jarvis-69-main\\jarvis 10\\util\\func\\user_notebook.py", "funcName": "getText", "action": "getText", "start": null, "end": null}
{"asctime": "2024-12-20 20:26:56,399", "levelname": "INFO", "message": "getting text", "name": "C:\\Users\\ASUS\\PycharmProjects\\jarvis-69-main\\jarvis 10\\util\\func\\user_notebook.py", "funcName": "getText", "action": "getText", "start": null, "end": null}
{"asctime": "2024-12-20 20:27:16,739", "levelname": "INFO", "message": "getting text", "name": "C:\\Users\\ASUS\\PycharmProjects\\jarvis-69-main\\jarvis 10\\util\\func\\user_notebook.py", "funcName": "getText", "action": "getText", "start": null, "end": null}
{"asctime": "2024-12-20 20:27:16,781", "levelname": "INFO", "message": "getting text", "name": "C:\\Users\\ASUS\\PycharmProjects\\jarvis-69-main\\jarvis 10\\util\\func\\user_notebook.py", "funcName": "getText", "action": "getText", "start": null, "end": null}
{"asctime": "2024-12-20 20:27:35,914", "levelname": "INFO", "message": "getting text", "name": "C:\\Users\\ASUS\\PycharmProjects\\jarvis-69-main\\jarvis 10\\util\\func\\user_notebook.py", "funcName": "getText", "action": "getText", "start": null, "end": null}
{"asctime": "2024-12-20 20:27:35,950", "levelname": "INFO", "message": "getting text", "name": "C:\\Users\\ASUS\\PycharmProjects\\jarvis-69-main\\jarvis 10\\util\\func\\user_notebook.py", "funcName": "getText", "action": "getText", "start": null, "end": null}
{"asctime": "2024-12-20 20:27:57,711", "levelname": "INFO", "message": "getting text", "name": "C:\\Users\\ASUS\\PycharmProjects\\jarvis-69-main\\jarvis 10\\util\\func\\user_notebook.py", "funcName": "getText", "action": "getText", "start": null, "end": null}
{"asctime": "2024-12-20 20:27:57,747", "levelname": "INFO", "message": "getting text", "name": "C:\\Users\\ASUS\\PycharmProjects\\jarvis-69-main\\jarvis 10\\util\\func\\user_notebook.py", "funcName": "getText", "action": "getText", "start": null, "end": null}
{"asctime": "2024-12-20 20:28:48,371", "levelname": "INFO", "message": "adding record", "name": "C:\\Users\\ASUS\\PycharmProjects\\jarvis-69-main\\jarvis 10\\util\\func\\user_notebook.py", "funcName": "addRecord", "action": "addRecord", "textLine": "01418c8f8b7d5e4bf41a796ed9a9dbe92725ccdf2f713bbb043d65bd8f714072"}
{"asctime": "2024-12-20 20:28:54,747", "levelname": "INFO", "message": "getting text", "name": "C:\\Users\\ASUS\\PycharmProjects\\jarvis-69-main\\jarvis 10\\util\\func\\user_notebook.py", "funcName": "getText", "action": "getText", "start": null, "end": null}
{"asctime": "2024-12-20 20:28:54,796", "levelname": "INFO", "message": "getting text", "name": "C:\\Users\\ASUS\\PycharmProjects\\jarvis-69-main\\jarvis 10\\util\\func\\user_notebook.py", "funcName": "getText", "action": "getText", "start": null, "end": null}
{"asctime": "2024-12-20 20:30:01,094", "levelname": "INFO", "message": "adding record", "name": "C:\\Users\\ASUS\\PycharmProjects\\jarvis-69-main\\jarvis 10\\util\\func\\user_notebook.py", "funcName": "addRecord", "action": "addRecord", "textLine": "48815e2412a01feb662128b060bc1abef503f5c821e6347fe80eebb175c739a7"}
{"asctime": "2024-12-20 20:30:13,722", "levelname": "INFO", "message": "adding record", "name": "C:\\Users\\ASUS\\PycharmProjects\\jarvis-69-main\\jarvis 10\\util\\func\\user_notebook.py", "funcName": "addRecord", "action": "addRecord", "textLine": "6c2f765968b69c534384b4a18625f483c112eae9e9e60c0dac995995cfa44f4c"}
{"asctime": "2024-12-20 20:30:26,216", "levelname": "INFO", "message": "adding record", "name": "C:\\Users\\ASUS\\PycharmProjects\\jarvis-69-main\\jarvis 10\\util\\func\\user_notebook.py", "funcName": "addRecord", "action": "addRecord", "textLine": "996286ea0b6c984b9a8e4020aa040c2d85054dc48bb77bb720763b45b06533d9"}
{"asctime": "2024-12-20 20:30:26,231", "levelname": "INFO", "message": "getting text", "name": "C:\\Users\\ASUS\\PycharmProjects\\jarvis-69-main\\jarvis 10\\util\\func\\user_notebook.py", "funcName": "getText", "action": "getText", "start": null, "end": null}
{"asctime": "2024-12-20 20:30:26,299", "levelname": "INFO", "message": "getting text", "name": "C:\\Users\\ASUS\\PycharmProjects\\jarvis-69-main\\jarvis 10\\util\\func\\user_notebook.py", "funcName": "getText", "action": "getText", "start": null, "end": null}
{"asctime": "2024-12-20 20:30:53,001", "levelname": "INFO", "message": "adding record", "name": "C:\\Users\\ASUS\\PycharmProjects\\jarvis-69-main\\jarvis 10\\util\\func\\user_notebook.py", "funcName": "addRecord", "action": "addRecord", "textLine": "508ce1068f6b64b54eb50ecb35af187d1c6b6ddd2bcf8b404da93b5f8d3d0e79"}
{"asctime": "2024-12-20 20:31:21,191", "levelname": "INFO", "message": "adding record", "name": "C:\\Users\\ASUS\\PycharmProjects\\jarvis-69-main\\jarvis 10\\util\\func\\user_notebook.py", "funcName": "addRecord", "action": "addRecord", "textLine": "9716dca45f8fdbb0cf62726cf1db42f1433e5b8053161a1188d6330158c6557a"}
{"asctime": "2024-12-20 20:31:37,045", "levelname": "INFO", "message": "adding record", "name": "C:\\Users\\ASUS\\PycharmProjects\\jarvis-69-main\\jarvis 10\\util\\func\\user_notebook.py", "funcName": "addRecord", "action": "addRecord", "textLine": "1830e1fedc6cc185fbf619c53a10589f25e6bac33b176d854e70743174efb607"}
{"asctime": "2024-12-20 20:31:46,316", "levelname": "INFO", "message": "adding record", "name": "C:\\Users\\ASUS\\PycharmProjects\\jarvis-69-main\\jarvis 10\\util\\func\\user_notebook.py", "funcName": "addRecord", "action": "addRecord", "textLine": "31503e916aa628df9edb684960566d2eac6ec6070846ade010aec3607b1849b5"}
{"asctime": "2024-12-20 20:32:20,654", "levelname": "INFO", "message": "updating record", "name": "C:\\Users\\ASUS\\PycharmProjects\\jarvis-69-main\\jarvis 10\\util\\func\\user_notebook.py", "funcName": "updateRecord", "action": "updateRecord", "recordId": 5, "newTextLine": "253eeeaa1ac05b2e87f56bfac80976e876d77088046a2e81249b0061f74c6159"}
{"asctime": "2024-12-20 20:32:20,672", "levelname": "INFO", "message": "getting text", "name": "C:\\Users\\ASUS\\PycharmProjects\\jarvis-69-main\\jarvis 10\\util\\func\\user_notebook.py", "funcName": "getText", "action": "getText", "start": null, "end": null}
{"asctime": "2024-12-20 20:32:20,741", "levelname": "INFO", "message": "getting text", "name": "C:\\Users\\ASUS\\PycharmProjects\\jarvis-69-main\\jarvis 10\\util\\func\\user_notebook.py", "funcName": "getText", "action": "getText", "start": null, "end": null}
{"asctime": "2024-12-20 20:32:53,760", "levelname": "INFO", "message": "adding record", "name": "C:\\Users\\ASUS\\PycharmProjects\\jarvis-69-main\\jarvis 10\\util\\func\\user_notebook.py", "funcName": "addRecord", "action": "addRecord", "textLine": "ec00e9e6090d5f6ab97090c4573fd6bcc6840cf4466cab82202aa63d93356b9a"}
{"asctime": "2024-12-20 20:32:59,073", "levelname": "INFO", "message": "getting text", "name": "C:\\Users\\ASUS\\PycharmProjects\\jarvis-69-main\\jarvis 10\\util\\func\\user_notebook.py", "funcName": "getText", "action": "getText", "start": null, "end": null}
{"asctime": "2024-12-20 20:32:59,119", "levelname": "INFO", "message": "getting text", "name": "C:\\Users\\ASUS\\PycharmProjects\\jarvis-69-main\\jarvis 10\\util\\func\\user_notebook.py", "funcName": "getText", "action": "getText", "start": null, "end": null}
{"asctime": "2024-12-20 20:33:25,908", "levelname": "INFO", "message": "adding record", "name": "C:\\Users\\ASUS\\PycharmProjects\\jarvis-69-main\\jarvis 10\\util\\func\\user_notebook.py", "funcName": "addRecord", "action": "addRecord", "textLine": "ba3e70af351c6f3f39a527c69f3795f757a79ce1232986280903762111a0515b"}
{"asctime": "2024-12-20 20:34:18,342", "levelname": "INFO", "message": "deleting record", "name": "C:\\Users\\ASUS\\PycharmProjects\\jarvis-69-main\\jarvis 10\\util\\func\\user_notebook.py", "funcName": "deleteRecord", "action": "deleteRecord", "recordId": 1}
{"asctime": "2024-12-20 20:34:18,346", "levelname": "INFO", "message": "deleting record", "name": "C:\\Users\\ASUS\\PycharmProjects\\jarvis-69-main\\jarvis 10\\util\\func\\user_notebook.py", "funcName": "deleteRecord", "action": "deleteRecord", "recordId": 2}
{"asctime": "2024-12-20 20:34:18,347", "levelname": "INFO", "message": "deleting record", "name": "C:\\Users\\ASUS\\PycharmProjects\\jarvis-69-main\\jarvis 10\\util\\func\\user_notebook.py", "funcName": "deleteRecord", "action": "deleteRecord", "recordId": 3}
{"asctime": "2024-12-20 20:34:18,347", "levelname": "INFO", "message": "deleting record", "name": "C:\\Users\\ASUS\\PycharmProjects\\jarvis-69-main\\jarvis 10\\util\\func\\user_notebook.py", "funcName": "deleteRecord", "action": "deleteRecord", "recordId": 4}
{"asctime": "2024-12-20 20:34:18,348", "levelname": "INFO", "message": "deleting record", "name": "C:\\Users\\ASUS\\PycharmProjects\\jarvis-69-main\\jarvis 10\\util\\func\\user_notebook.py", "funcName": "deleteRecord", "action": "deleteRecord", "recordId": 5}
{"asctime": "2024-12-20 20:34:18,349", "levelname": "INFO", "message": "deleting record", "name": "C:\\Users\\ASUS\\PycharmProjects\\jarvis-69-main\\jarvis 10\\util\\func\\user_notebook.py", "funcName": "deleteRecord", "action": "deleteRecord", "recordId": 6}
{"asctime": "2024-12-20 20:34:18,352", "levelname": "INFO", "message": "deleting record", "name": "C:\\Users\\ASUS\\PycharmProjects\\jarvis-69-main\\jarvis 10\\util\\func\\user_notebook.py", "funcName": "deleteRecord", "action": "deleteRecord", "recordId": 7}
{"asctime": "2024-12-20 20:34:18,352", "levelname": "INFO", "message": "deleting record", "name": "C:\\Users\\ASUS\\PycharmProjects\\jarvis-69-main\\jarvis 10\\util\\func\\user_notebook.py", "funcName": "deleteRecord", "action": "deleteRecord", "recordId": 8}
{"asctime": "2024-12-20 20:34:18,360", "levelname": "INFO", "message": "deleting record", "name": "C:\\Users\\ASUS\\PycharmProjects\\jarvis-69-main\\jarvis 10\\util\\func\\user_notebook.py", "funcName": "deleteRecord", "action": "deleteRecord", "recordId": 9}
{"asctime": "2024-12-20 20:34:18,367", "levelname": "INFO", "message": "deleting record", "name": "C:\\Users\\ASUS\\PycharmProjects\\jarvis-69-main\\jarvis 10\\util\\func\\user_notebook.py", "funcName": "deleteRecord", "action": "deleteRecord", "recordId": 10}
{"asctime": "2024-12-20 20:34:18,372", "levelname": "INFO", "message": "deleting record", "name": "C:\\Users\\ASUS\\PycharmProjects\\jarvis-69-main\\jarvis 10\\util\\func\\user_notebook.py", "funcName": "deleteRecord", "action": "deleteRecord", "recordId": 11}
{"asctime": "2024-12-20 20:35:45,299", "levelname": "INFO", "message": "getting text", "name": "C:\\Users\\ASUS\\PycharmProjects\\jarvis-69-main\\jarvis 10\\util\\func\\user_notebook.py", "funcName": "getText", "action": "getText", "start": null, "end": null}
{"asctime": "2024-12-20 20:36:36,303", "levelname": "INFO", "message": "getting text", "name": "C:\\Users\\ASUS\\PycharmProjects\\jarvis-69-main\\jarvis 10\\util\\func\\user_notebook.py", "funcName": "getText", "action": "getText", "start": null, "end": null}
{"asctime": "2024-12-20 20:39:11,375", "levelname": "INFO", "message": "adding record", "name": "C:\\Users\\ASUS\\PycharmProjects\\jarvis-69-main\\jarvis 10\\util\\func\\user_notebook.py", "funcName": "addRecord", "action": "addRecord", "textLine": "d401e78998460da1bea4259370487099bae56003463d55481e53e0c5be9a58dd"}
{"asctime": "2024-12-20 20:39:25,053", "levelname": "INFO", "message": "adding record", "name": "C:\\Users\\ASUS\\PycharmProjects\\jarvis-69-main\\jarvis 10\\util\\func\\user_notebook.py", "funcName": "addRecord", "action": "addRecord", "textLine": "c97ee9cf099d9ecb31ef5532c799a3061142e6df3c38c5db733a788c5bb64c5f"}
{"asctime": "2024-12-20 20:40:20,517", "levelname": "INFO", "message": "adding record", "name": "C:\\Users\\ASUS\\PycharmProjects\\jarvis-69-main\\jarvis 10\\util\\func\\user_notebook.py", "funcName": "addRecord", "action": "addRecord", "textLine": "b39a6f746dd9edfe1bc5ac0ce564cfd87cd61d5d6caff0ab0b813ab207977dc0"}
{"asctime": "2024-12-20 20:40:31,826", "levelname": "INFO", "message": "adding record", "name": "C:\\Users\\ASUS\\PycharmProjects\\jarvis-69-main\\jarvis 10\\util\\func\\user_notebook.py", "funcName": "addRecord", "action": "addRecord", "textLine": "b39a6f746dd9edfe1bc5ac0ce564cfd87cd61d5d6caff0ab0b813ab207977dc0"}
{"asctime": "2024-12-20 20:40:31,837", "levelname": "INFO", "message": "getting text", "name": "C:\\Users\\ASUS\\PycharmProjects\\jarvis-69-main\\jarvis 10\\util\\func\\user_notebook.py", "funcName": "getText", "action": "getText", "start": null, "end": null}
{"asctime": "2024-12-20 20:40:31,886", "levelname": "INFO", "message": "getting text", "name": "C:\\Users\\ASUS\\PycharmProjects\\jarvis-69-main\\jarvis 10\\util\\func\\user_notebook.py", "funcName": "getText", "action": "getText", "start": null, "end": null}
{"asctime": "2024-12-20 20:41:35,433", "levelname": "INFO", "message": "adding record", "name": "C:\\Users\\ASUS\\PycharmProjects\\jarvis-69-main\\jarvis 10\\util\\func\\user_notebook.py", "funcName": "addRecord", "action": "addRecord", "textLine": "0cb40cbf3df77ef1f037be0edc05be33193090b399901a9a19c3fdb4636282d2"}
{"asctime": "2024-12-20 20:41:45,507", "levelname": "INFO", "message": "adding record", "name": "C:\\Users\\ASUS\\PycharmProjects\\jarvis-69-main\\jarvis 10\\util\\func\\user_notebook.py", "funcName": "addRecord", "action": "addRecord", "textLine": "0932560832006316942bd4ec4a841dc03f144395e534dd9437c50e05f2334715"}
{"asctime": "2024-12-20 20:41:53,329", "levelname": "INFO", "message": "adding record", "name": "C:\\Users\\ASUS\\PycharmProjects\\jarvis-69-main\\jarvis 10\\util\\func\\user_notebook.py", "funcName": "addRecord", "action": "addRecord", "textLine": "4b6f02672a7090f5bd7bc5b4e6c469b288f58513e815b021d44352fb3f5cfccd"}
{"asctime": "2024-12-20 20:42:40,152", "levelname": "INFO", "message": "adding record", "name": "C:\\Users\\ASUS\\PycharmProjects\\jarvis-69-main\\jarvis 10\\util\\func\\user_notebook.py", "funcName": "addRecord", "action": "addRecord", "textLine": "fafc475d489009863e4d8daa82dc75ccb9a5ce2f7fd30d1228015d7adc73a726"}
{"asctime": "2024-12-20 20:45:17,209", "levelname": "INFO", "message": "adding record", "name": "C:\\Users\\ASUS\\PycharmProjects\\jarvis-69-main\\jarvis 10\\util\\func\\user_notebook.py", "funcName": "addRecord", "action": "addRecord", "textLine": "e844641e18d4193e1237be4c57706c104a0a3d5f3cbda23b6a04e469ea3331e4"}
{"asctime": "2024-12-20 20:45:47,230", "levelname": "INFO", "message": "adding record", "name": "C:\\Users\\ASUS\\PycharmProjects\\jarvis-69-main\\jarvis 10\\util\\func\\user_notebook.py", "funcName": "addRecord", "action": "addRecord", "textLine": "11f59a14e224728d7eebef033958f430599807903cf956e7620549a444669f38"}
{"asctime": "2024-12-20 20:45:47,232", "levelname": "INFO", "message": "adding record", "name": "C:\\Users\\ASUS\\PycharmProjects\\jarvis-69-main\\jarvis 10\\util\\func\\user_notebook.py", "funcName": "addRecord", "action": "addRecord", "textLine": "97f30136338d45f2a3bb999baf0bbcaaefd68cde5c1d47b12c4a18b8bbbdfa0b"}
{"asctime": "2024-12-20 20:48:15,660", "levelname": "INFO", "message": "adding record", "name": "C:\\Users\\ASUS\\PycharmProjects\\jarvis-69-main\\jarvis 10\\util\\func\\user_notebook.py", "funcName": "addRecord", "action": "addRecord", "textLine": "b2788d757a4a8d3ccff3020719786531cf536bbe1b37dbebf7a375a5ba342d81"}
{"asctime": "2024-12-20 20:48:57,511", "levelname": "INFO", "message": "adding record", "name": "C:\\Users\\ASUS\\PycharmProjects\\jarvis-69-main\\jarvis 10\\util\\func\\user_notebook.py", "funcName": "addRecord", "action": "addRecord", "textLine": "8dd65fed479d0b8a00e64d14709c58da858dbcb12c72f56d196e2713c397081e"}
{"asctime": "2024-12-20 20:49:40,546", "levelname": "INFO", "message": "adding record", "name": "C:\\Users\\ASUS\\PycharmProjects\\jarvis-69-main\\jarvis 10\\util\\func\\user_notebook.py", "funcName": "addRecord", "action": "addRecord", "textLine": "e48c5ad78f9797bc5c1a5900d2d139dba3dfd599482b1463c25270fc0941915a"}
{"asctime": "2024-12-20 20:49:52,490", "levelname": "INFO", "message": "getting text", "name": "C:\\Users\\ASUS\\PycharmProjects\\jarvis-69-main\\jarvis 10\\util\\func\\user_notebook.py", "funcName": "getText", "action": "getText", "start": null, "end": null}
{"asctime": "2024-12-20 20:49:52,554", "levelname": "INFO", "message": "getting text", "name": "C:\\Users\\ASUS\\PycharmProjects\\jarvis-69-main\\jarvis 10\\util\\func\\user_notebook.py", "funcName": "getText", "action": "getText", "start": null, "end": null}
{"asctime": "2024-12-20 20:50:52,355", "levelname": "INFO", "message": "getting text", "name": "C:\\Users\\ASUS\\PycharmProjects\\jarvis-69-main\\jarvis 10\\util\\func\\user_notebook.py", "funcName": "getText", "action": "getText", "start": null, "end": null}
{"asctime": "2024-12-20 20:50:52,402", "levelname": "INFO", "message": "getting text", "name": "C:\\Users\\ASUS\\PycharmProjects\\jarvis-69-main\\jarvis 10\\util\\func\\user_notebook.py", "funcName": "getText", "action": "getText", "start": null, "end": null}
{"asctime": "2024-12-20 20:51:22,753", "levelname": "INFO", "message": "adding record", "name": "C:\\Users\\ASUS\\PycharmProjects\\jarvis-69-main\\jarvis 10\\util\\func\\user_notebook.py", "funcName": "addRecord", "action": "addRecord", "textLine": "5826aaabf97a8f9f81cffa95e00d99f658fecbaa7b14d3330d30af53ee353871"}
{"asctime": "2024-12-20 20:51:31,239", "levelname": "INFO", "message": "adding record", "name": "C:\\Users\\ASUS\\PycharmProjects\\jarvis-69-main\\jarvis 10\\util\\func\\user_notebook.py", "funcName": "addRecord", "action": "addRecord", "textLine": "07a96c15dfd75b39cd15f4d12fd5018559483c7a7ac6a69848a64cd05bb6ceff"}
{"asctime": "2024-12-20 20:51:31,248", "levelname": "INFO", "message": "getting text", "name": "C:\\Users\\ASUS\\PycharmProjects\\jarvis-69-main\\jarvis 10\\util\\func\\user_notebook.py", "funcName": "getText", "action": "getText", "start": null, "end": null}
{"asctime": "2024-12-20 20:51:31,344", "levelname": "INFO", "message": "getting text", "name": "C:\\Users\\ASUS\\PycharmProjects\\jarvis-69-main\\jarvis 10\\util\\func\\user_notebook.py", "funcName": "getText", "action": "getText", "start": null, "end": null}
{"asctime": "2024-12-20 20:52:07,403", "levelname": "INFO", "message": "adding record", "name": "C:\\Users\\ASUS\\PycharmProjects\\jarvis-69-main\\jarvis 10\\util\\func\\user_notebook.py", "funcName": "addRecord", "action": "addRecord", "textLine": "13f1bd8d86ed06d8e8797c868ad8eea7b4170f5a3c158eaebd6cbe6dc6db8ec7"}
{"asctime": "2024-12-20 20:52:07,405", "levelname": "INFO", "message": "adding record", "name": "C:\\Users\\ASUS\\PycharmProjects\\jarvis-69-main\\jarvis 10\\util\\func\\user_notebook.py", "funcName": "addRecord", "action": "addRecord", "textLine": "afa11d74a4f5dbe0c767db29fda817d8ab21ab407dc768fad0d5e09407e46d6e"}
{"asctime": "2024-12-20 21:54:12,538", "levelname": "INFO", "message": "initializing user_notebook", "name": "C:\\Users\\ASUS\\PycharmProjects\\jarvis-69-main\\jarvis 10\\util\\func\\user_notebook.py", "funcName": "__init__", "action": "init", "userNotebook": "<modules.database.text_store.TextStore object at 0x000001E7FAF1D780>"}
{"asctime": "2024-12-20 21:55:44,657", "levelname": "INFO", "message": "initializing user_notebook", "name": "C:\\Users\\ASUS\\PycharmProjects\\jarvis-69-main\\jarvis 10\\util\\func\\user_notebook.py", "funcName": "__init__", "action": "init", "userNotebook": "<modules.database.text_store.TextStore object at 0x000001F65FD8D750>"}
{"asctime": "2024-12-20 21:58:20,903", "levelname": "INFO", "message": "initializing user_notebook", "name": "C:\\Users\\ASUS\\PycharmProjects\\jarvis-69-main\\jarvis 11\\util\\func\\user_notebook.py", "funcName": "__init__", "action": "init", "userNotebook": "<modules.database.text_store.TextStore object at 0x000001E2716DD9F0>"}
{"asctime": "2024-12-20 22:01:48,630", "levelname": "INFO", "message": "initializing user_notebook", "name": "C:\\Users\\ASUS\\PycharmProjects\\jarvis-69-main\\jarvis 11\\util\\func\\user_notebook.py", "funcName": "__init__", "action": "init", "userNotebook": "<modules.database.text_store.TextStore object at 0x000002A49D513DF0>"}
{"asctime": "2024-12-20 22:02:07,794", "levelname": "INFO", "message": "adding record", "name": "C:\\Users\\ASUS\\PycharmProjects\\jarvis-69-main\\jarvis 11\\util\\func\\user_notebook.py", "funcName": "addRecord", "action": "addRecord", "textLine": "cfd8c7aaacd2f9b7d85b283847ef1a63c99bc65765361b65ef1f5926eb4bbf1c"}
{"asctime": "2024-12-20 22:02:39,447", "levelname": "INFO", "message": "adding record", "name": "C:\\Users\\ASUS\\PycharmProjects\\jarvis-69-main\\jarvis 11\\util\\func\\user_notebook.py", "funcName": "addRecord", "action": "addRecord", "textLine": "f0c5f38493eadf1efb417304c9e29a06f0695fe3dbad7e38eab3661e52594743"}
{"asctime": "2024-12-20 22:55:18,688", "levelname": "INFO", "message": "initializing user_notebook", "name": "C:\\Users\\ASUS\\PycharmProjects\\jarvis-69-main\\jarvis 11\\util\\func\\user_notebook.py", "funcName": "__init__", "action": "init", "userNotebook": "<modules.database.text_store.TextStore object at 0x000001F3BE0D3E50>"}
{"asctime": "2024-12-20 22:55:39,582", "levelname": "INFO", "message": "adding record", "name": "C:\\Users\\ASUS\\PycharmProjects\\jarvis-69-main\\jarvis 11\\util\\func\\user_notebook.py", "funcName": "addRecord", "action": "addRecord", "textLine": "f0c5f38493eadf1efb417304c9e29a06f0695fe3dbad7e38eab3661e52594743"}
{"asctime": "2024-12-20 22:55:39,584", "levelname": "INFO", "message": "adding record", "name": "C:\\Users\\ASUS\\PycharmProjects\\jarvis-69-main\\jarvis 11\\util\\func\\user_notebook.py", "funcName": "addRecord", "action": "addRecord", "textLine": "cfd8c7aaacd2f9b7d85b283847ef1a63c99bc65765361b65ef1f5926eb4bbf1c"}
{"asctime": "2024-12-20 22:58:05,376", "levelname": "INFO", "message": "initializing user_notebook", "name": "C:\\Users\\ASUS\\PycharmProjects\\jarvis-69-main\\jarvis 11\\util\\func\\user_notebook.py", "funcName": "__init__", "action": "init", "userNotebook": "<modules.database.text_store.TextStore object at 0x00000186853A3E50>"}
{"asctime": "2024-12-20 22:58:12,569", "levelname": "INFO", "message": "adding record", "name": "C:\\Users\\ASUS\\PycharmProjects\\jarvis-69-main\\jarvis 11\\util\\func\\user_notebook.py", "funcName": "addRecord", "action": "addRecord", "textLine": "c9200e29e2e9dafc35c7ef22d1f111ddae49b431f12daec368b1b0316d1262c9"}
{"asctime": "2024-12-20 22:58:12,572", "levelname": "INFO", "message": "adding record", "name": "C:\\Users\\ASUS\\PycharmProjects\\jarvis-69-main\\jarvis 11\\util\\func\\user_notebook.py", "funcName": "addRecord", "action": "addRecord", "textLine": "9264a259b18fb945d5d3526080047543cb7a43ff36444684bdf713c214f23a78"}
{"asctime": "2024-12-20 22:59:20,618", "levelname": "INFO", "message": "adding record", "name": "C:\\Users\\ASUS\\PycharmProjects\\jarvis-69-main\\jarvis 11\\util\\func\\user_notebook.py", "funcName": "addRecord", "action": "addRecord", "textLine": "02e35d83f4c34153fe37ae56f1077c17d886ceab88a0b527b2fd6d6f9043c280"}
{"asctime": "2024-12-20 23:00:44,693", "levelname": "INFO", "message": "adding record", "name": "C:\\Users\\ASUS\\PycharmProjects\\jarvis-69-main\\jarvis 11\\util\\func\\user_notebook.py", "funcName": "addRecord", "action": "addRecord", "textLine": "5052918182ca8defc6771c534600ee8ce0153bfc539ffe5f6552d1069cd0001f"}
{"asctime": "2024-12-20 23:00:44,695", "levelname": "INFO", "message": "adding record", "name": "C:\\Users\\ASUS\\PycharmProjects\\jarvis-69-main\\jarvis 11\\util\\func\\user_notebook.py", "funcName": "addRecord", "action": "addRecord", "textLine": "b331a55eb3db7fbb46a83177aba60a1cb90b232b33128ad3ba3dda0e1584a4fa"}
{"asctime": "2024-12-20 23:01:45,789", "levelname": "INFO", "message": "adding record", "name": "C:\\Users\\ASUS\\PycharmProjects\\jarvis-69-main\\jarvis 11\\util\\func\\user_notebook.py", "funcName": "addRecord", "action": "addRecord", "textLine": "0735e51c0a31a17580c5e7f0542237b838206dd0d7fdfc8c33fb1ccf690ce75f"}
{"asctime": "2024-12-20 23:02:52,545", "levelname": "INFO", "message": "adding record", "name": "C:\\Users\\ASUS\\PycharmProjects\\jarvis-69-main\\jarvis 11\\util\\func\\user_notebook.py", "funcName": "addRecord", "action": "addRecord", "textLine": "2e42598257b8d0f5787c810677b45f3cd4e50ddd5cefe372256b1af1654566ae"}
{"asctime": "2024-12-20 23:03:03,943", "levelname": "INFO", "message": "getting text", "name": "C:\\Users\\ASUS\\PycharmProjects\\jarvis-69-main\\jarvis 11\\util\\func\\user_notebook.py", "funcName": "getText", "action": "getText", "start": null, "end": null}
{"asctime": "2024-12-20 23:03:04,017", "levelname": "INFO", "message": "getting text", "name": "C:\\Users\\ASUS\\PycharmProjects\\jarvis-69-main\\jarvis 11\\util\\func\\user_notebook.py", "funcName": "getText", "action": "getText", "start": null, "end": null}
{"asctime": "2024-12-20 23:03:34,814", "levelname": "INFO", "message": "getting text", "name": "C:\\Users\\ASUS\\PycharmProjects\\jarvis-69-main\\jarvis 11\\util\\func\\user_notebook.py", "funcName": "getText", "action": "getText", "start": null, "end": null}
{"asctime": "2024-12-20 23:03:34,850", "levelname": "INFO", "message": "getting text", "name": "C:\\Users\\ASUS\\PycharmProjects\\jarvis-69-main\\jarvis 11\\util\\func\\user_notebook.py", "funcName": "getText", "action": "getText", "start": null, "end": null}
{"asctime": "2024-12-20 23:04:03,685", "levelname": "INFO", "message": "adding record", "name": "C:\\Users\\ASUS\\PycharmProjects\\jarvis-69-main\\jarvis 11\\util\\func\\user_notebook.py", "funcName": "addRecord", "action": "addRecord", "textLine": "e6116c012847954653550790d15624b79c4b063f77da5a60bc619911666d1f6f"}
{"asctime": "2024-12-20 23:04:03,687", "levelname": "INFO", "message": "adding record", "name": "C:\\Users\\ASUS\\PycharmProjects\\jarvis-69-main\\jarvis 11\\util\\func\\user_notebook.py", "funcName": "addRecord", "action": "addRecord", "textLine": "50ed02226324256fc093b0fcfe37db5b5004a08cf8ad09f03814210abe1dd5fd"}
{"asctime": "2024-12-20 23:05:37,682", "levelname": "INFO", "message": "adding record", "name": "C:\\Users\\ASUS\\PycharmProjects\\jarvis-69-main\\jarvis 11\\util\\func\\user_notebook.py", "funcName": "addRecord", "action": "addRecord", "textLine": "8e1305b3b2d34f76af12153deb70e710d74174028713550f2bb1116921d917a9"}
{"asctime": "2024-12-20 23:05:37,702", "levelname": "INFO", "message": "getting text", "name": "C:\\Users\\ASUS\\PycharmProjects\\jarvis-69-main\\jarvis 11\\util\\func\\user_notebook.py", "funcName": "getText", "action": "getText", "start": null, "end": null}
{"asctime": "2024-12-20 23:05:37,753", "levelname": "INFO", "message": "getting text", "name": "C:\\Users\\ASUS\\PycharmProjects\\jarvis-69-main\\jarvis 11\\util\\func\\user_notebook.py", "funcName": "getText", "action": "getText", "start": null, "end": null}
{"asctime": "2024-12-20 23:06:02,268", "levelname": "INFO", "message": "adding record", "name": "C:\\Users\\ASUS\\PycharmProjects\\jarvis-69-main\\jarvis 11\\util\\func\\user_notebook.py", "funcName": "addRecord", "action": "addRecord", "textLine": "1ddeb291f1a4f9e37627b660d7835a6d394b8862dd653320a055af8987441280"}
{"asctime": "2024-12-20 23:06:17,648", "levelname": "INFO", "message": "adding record", "name": "C:\\Users\\ASUS\\PycharmProjects\\jarvis-69-main\\jarvis 11\\util\\func\\user_notebook.py", "funcName": "addRecord", "action": "addRecord", "textLine": "7cc883d7b291855974fc36049555852fd60fd3d6628e5d70b119579a01391ba4"}
{"asctime": "2024-12-20 23:06:30,027", "levelname": "INFO", "message": "adding record", "name": "C:\\Users\\ASUS\\PycharmProjects\\jarvis-69-main\\jarvis 11\\util\\func\\user_notebook.py", "funcName": "addRecord", "action": "addRecord", "textLine": "b152752ecbe18f88ffd88ce4d379652054d209a90a5799a2cd8640cc4026bf36"}
{"asctime": "2024-12-20 23:06:49,990", "levelname": "INFO", "message": "getting text", "name": "C:\\Users\\ASUS\\PycharmProjects\\jarvis-69-main\\jarvis 11\\util\\func\\user_notebook.py", "funcName": "getText", "action": "getText", "start": null, "end": null}
{"asctime": "2024-12-20 23:06:50,095", "levelname": "INFO", "message": "getting text", "name": "C:\\Users\\ASUS\\PycharmProjects\\jarvis-69-main\\jarvis 11\\util\\func\\user_notebook.py", "funcName": "getText", "action": "getText", "start": null, "end": null}
{"asctime": "2024-12-20 23:07:15,589", "levelname": "INFO", "message": "adding record", "name": "C:\\Users\\ASUS\\PycharmProjects\\jarvis-69-main\\jarvis 11\\util\\func\\user_notebook.py", "funcName": "addRecord", "action": "addRecord", "textLine": "6b503729ba98920ec94af31b79a0bb7f86140181c37561bd540595e8ef6f17ca"}
{"asctime": "2024-12-20 23:07:15,598", "levelname": "INFO", "message": "getting text", "name": "C:\\Users\\ASUS\\PycharmProjects\\jarvis-69-main\\jarvis 11\\util\\func\\user_notebook.py", "funcName": "getText", "action": "getText", "start": null, "end": null}
{"asctime": "2024-12-20 23:07:15,643", "levelname": "INFO", "message": "getting text", "name": "C:\\Users\\ASUS\\PycharmProjects\\jarvis-69-main\\jarvis 11\\util\\func\\user_notebook.py", "funcName": "getText", "action": "getText", "start": null, "end": null}
{"asctime": "2024-12-20 23:07:43,470", "levelname": "INFO", "message": "adding record", "name": "C:\\Users\\ASUS\\PycharmProjects\\jarvis-69-main\\jarvis 11\\util\\func\\user_notebook.py", "funcName": "addRecord", "action": "addRecord", "textLine": "74d93092b4b47cff5cb63633c1eb28dc6821abfdda0576666e6a599924dc350e"}
{"asctime": "2024-12-20 23:08:06,740", "levelname": "INFO", "message": "adding record", "name": "C:\\Users\\ASUS\\PycharmProjects\\jarvis-69-main\\jarvis 11\\util\\func\\user_notebook.py", "funcName": "addRecord", "action": "addRecord", "textLine": "7c14d796cbeebb21fa73abb17f7f56cab25a4ce2be121a5397416e1724ae7697"}
{"asctime": "2024-12-20 23:08:34,287", "levelname": "INFO", "message": "adding record", "name": "C:\\Users\\ASUS\\PycharmProjects\\jarvis-69-main\\jarvis 11\\util\\func\\user_notebook.py", "funcName": "addRecord", "action": "addRecord", "textLine": "33e7f4aa91674198010bfe0003ff1d8a2dd6ebeae7fd7fad03048c595701ac9a"}
{"asctime": "2024-12-20 23:10:43,883", "levelname": "INFO", "message": "adding record", "name": "C:\\Users\\ASUS\\PycharmProjects\\jarvis-69-main\\jarvis 11\\util\\func\\user_notebook.py", "funcName": "addRecord", "action": "addRecord", "textLine": "02a1e4126ef1d2678bc6bb778b5d8b6ddbfc6a43153643f135293558755ffc25"}
{"asctime": "2024-12-20 23:10:55,038", "levelname": "INFO", "message": "adding record", "name": "C:\\Users\\ASUS\\PycharmProjects\\jarvis-69-main\\jarvis 11\\util\\func\\user_notebook.py", "funcName": "addRecord", "action": "addRecord", "textLine": "d26aba124642f6ffbfe1b5361bdc11a4beb1a8c0999ac4775a102dda643f5f53"}
{"asctime": "2024-12-20 23:11:19,141", "levelname": "INFO", "message": "adding record", "name": "C:\\Users\\ASUS\\PycharmProjects\\jarvis-69-main\\jarvis 11\\util\\func\\user_notebook.py", "funcName": "addRecord", "action": "addRecord", "textLine": "21a613939772658b90a6396e1938fc816e300eaf46fbac0357c9ad7258d45a1d"}
{"asctime": "2024-12-20 23:11:38,593", "levelname": "INFO", "message": "adding record", "name": "C:\\Users\\ASUS\\PycharmProjects\\jarvis-69-main\\jarvis 11\\util\\func\\user_notebook.py", "funcName": "addRecord", "action": "addRecord", "textLine": "ae9fd7cd116dbd78a7cda218aa2f234190fdbb7bc283051760f5f68eae772f50"}
{"asctime": "2024-12-20 23:11:38,614", "levelname": "INFO", "message": "getting text", "name": "C:\\Users\\ASUS\\PycharmProjects\\jarvis-69-main\\jarvis 11\\util\\func\\user_notebook.py", "funcName": "getText", "action": "getText", "start": null, "end": null}
{"asctime": "2024-12-20 23:11:38,690", "levelname": "INFO", "message": "getting text", "name": "C:\\Users\\ASUS\\PycharmProjects\\jarvis-69-main\\jarvis 11\\util\\func\\user_notebook.py", "funcName": "getText", "action": "getText", "start": null, "end": null}
{"asctime": "2024-12-20 23:12:15,207", "levelname": "INFO", "message": "adding record", "name": "C:\\Users\\ASUS\\PycharmProjects\\jarvis-69-main\\jarvis 11\\util\\func\\user_notebook.py", "funcName": "addRecord", "action": "addRecord", "textLine": "ce6231f8edb2c71bc40fc3d760abd65363751b072875606801b68b14fdd5b612"}
{"asctime": "2024-12-20 23:12:15,219", "levelname": "INFO", "message": "getting text", "name": "C:\\Users\\ASUS\\PycharmProjects\\jarvis-69-main\\jarvis 11\\util\\func\\user_notebook.py", "funcName": "getText", "action": "getText", "start": null, "end": null}
{"asctime": "2024-12-20 23:12:15,259", "levelname": "INFO", "message": "getting text", "name": "C:\\Users\\ASUS\\PycharmProjects\\jarvis-69-main\\jarvis 11\\util\\func\\user_notebook.py", "funcName": "getText", "action": "getText", "start": null, "end": null}
{"asctime": "2024-12-20 23:12:48,971", "levelname": "INFO", "message": "adding record", "name": "C:\\Users\\ASUS\\PycharmProjects\\jarvis-69-main\\jarvis 11\\util\\func\\user_notebook.py", "funcName": "addRecord", "action": "addRecord", "textLine": "b07b6db41e8d2601633f3d5a3609fcd799e26c22078cd136791dd2e2d000b1e4"}
{"asctime": "2024-12-20 23:12:48,983", "levelname": "INFO", "message": "getting text", "name": "C:\\Users\\ASUS\\PycharmProjects\\jarvis-69-main\\jarvis 11\\util\\func\\user_notebook.py", "funcName": "getText", "action": "getText", "start": null, "end": null}
{"asctime": "2024-12-20 23:12:49,025", "levelname": "INFO", "message": "getting text", "name": "C:\\Users\\ASUS\\PycharmProjects\\jarvis-69-main\\jarvis 11\\util\\func\\user_notebook.py", "funcName": "getText", "action": "getText", "start": null, "end": null}
{"asctime": "2024-12-20 23:13:01,046", "levelname": "INFO", "message": "adding record", "name": "C:\\Users\\ASUS\\PycharmProjects\\jarvis-69-main\\jarvis 11\\util\\func\\user_notebook.py", "funcName": "addRecord", "action": "addRecord", "textLine": "f69a645b3a6755459808ebe837ba0062c5a17ebfa1d80989e3ee47c1fd66d1fc"}
{"asctime": "2024-12-20 23:13:01,084", "levelname": "INFO", "message": "getting text", "name": "C:\\Users\\ASUS\\PycharmProjects\\jarvis-69-main\\jarvis 11\\util\\func\\user_notebook.py", "funcName": "getText", "action": "getText", "start": null, "end": null}
{"asctime": "2024-12-20 23:13:01,128", "levelname": "INFO", "message": "getting text", "name": "C:\\Users\\ASUS\\PycharmProjects\\jarvis-69-main\\jarvis 11\\util\\func\\user_notebook.py", "funcName": "getText", "action": "getText", "start": null, "end": null}
{"asctime": "2024-12-20 23:13:16,856", "levelname": "INFO", "message": "getting text", "name": "C:\\Users\\ASUS\\PycharmProjects\\jarvis-69-main\\jarvis 11\\util\\func\\user_notebook.py", "funcName": "getText", "action": "getText", "start": null, "end": null}
{"asctime": "2024-12-20 23:13:16,892", "levelname": "INFO", "message": "getting text", "name": "C:\\Users\\ASUS\\PycharmProjects\\jarvis-69-main\\jarvis 11\\util\\func\\user_notebook.py", "funcName": "getText", "action": "getText", "start": null, "end": null}
{"asctime": "2024-12-20 23:13:58,243", "levelname": "INFO", "message": "initializing user_notebook", "name": "C:\\Users\\ASUS\\PycharmProjects\\jarvis-69-main\\jarvis 11\\util\\func\\user_notebook.py", "funcName": "__init__", "action": "init", "userNotebook": "<modules.database.text_store.TextStore object at 0x000001813C90E950>"}
{"asctime": "2024-12-20 23:14:05,245", "levelname": "INFO", "message": "getting text", "name": "C:\\Users\\ASUS\\PycharmProjects\\jarvis-69-main\\jarvis 11\\util\\func\\user_notebook.py", "funcName": "getText", "action": "getText", "start": null, "end": null}
{"asctime": "2024-12-20 23:14:05,313", "levelname": "INFO", "message": "getting text", "name": "C:\\Users\\ASUS\\PycharmProjects\\jarvis-69-main\\jarvis 11\\util\\func\\user_notebook.py", "funcName": "getText", "action": "getText", "start": null, "end": null}
{"asctime": "2024-12-20 23:15:41,994", "levelname": "INFO", "message": "initializing user_notebook", "name": "C:\\Users\\ASUS\\PycharmProjects\\jarvis-69-main\\jarvis 11\\util\\func\\user_notebook.py", "funcName": "__init__", "action": "init", "userNotebook": "<modules.database.text_store.TextStore object at 0x00000206A8613EB0>"}
{"asctime": "2024-12-20 23:15:48,630", "levelname": "INFO", "message": "getting text", "name": "C:\\Users\\ASUS\\PycharmProjects\\jarvis-69-main\\jarvis 11\\util\\func\\user_notebook.py", "funcName": "getText", "action": "getText", "start": null, "end": null}
{"asctime": "2024-12-20 23:15:48,698", "levelname": "INFO", "message": "getting text", "name": "C:\\Users\\ASUS\\PycharmProjects\\jarvis-69-main\\jarvis 11\\util\\func\\user_notebook.py", "funcName": "getText", "action": "getText", "start": null, "end": null}
{"asctime": "2024-12-20 23:22:15,683", "levelname": "INFO", "message": "initializing user_notebook", "name": "C:\\Users\\ASUS\\PycharmProjects\\jarvis-69-main\\jarvis 11\\util\\func\\user_notebook.py", "funcName": "__init__", "action": "init", "userNotebook": "<modules.database.text_store.TextStore object at 0x0000019BEEC9F310>"}
{"asctime": "2024-12-20 23:22:23,564", "levelname": "INFO", "message": "getting text", "name": "C:\\Users\\ASUS\\PycharmProjects\\jarvis-69-main\\jarvis 11\\util\\func\\user_notebook.py", "funcName": "getText", "action": "getText", "start": null, "end": null}
{"asctime": "2024-12-20 23:22:23,650", "levelname": "INFO", "message": "getting text", "name": "C:\\Users\\ASUS\\PycharmProjects\\jarvis-69-main\\jarvis 11\\util\\func\\user_notebook.py", "funcName": "getText", "action": "getText", "start": null, "end": null}
{"asctime": "2024-12-20 23:23:12,354", "levelname": "INFO", "message": "initializing user_notebook", "name": "C:\\Users\\ASUS\\PycharmProjects\\jarvis-69-main\\jarvis 10\\util\\func\\user_notebook.py", "funcName": "__init__", "action": "init", "userNotebook": "<modules.database.text_store.TextStore object at 0x00000124412A7460>"}
{"asctime": "2024-12-20 23:23:18,952", "levelname": "INFO", "message": "getting text", "name": "C:\\Users\\ASUS\\PycharmProjects\\jarvis-69-main\\jarvis 10\\util\\func\\user_notebook.py", "funcName": "getText", "action": "getText", "start": null, "end": null}
{"asctime": "2024-12-20 23:23:19,003", "levelname": "INFO", "message": "getting text", "name": "C:\\Users\\ASUS\\PycharmProjects\\jarvis-69-main\\jarvis 10\\util\\func\\user_notebook.py", "funcName": "getText", "action": "getText", "start": null, "end": null}
{"asctime": "2024-12-20 23:43:29,366", "levelname": "INFO", "message": "initializing user_notebook", "name": "C:\\Users\\ASUS\\PycharmProjects\\jarvis-69-main\\jarvis 11\\util\\func\\user_notebook.py", "funcName": "__init__", "action": "init", "userNotebook": "<modules.database.text_store.TextStore object at 0x0000021143A1F370>"}
{"asctime": "2024-12-20 23:43:42,756", "levelname": "INFO", "message": "getting text", "name": "C:\\Users\\ASUS\\PycharmProjects\\jarvis-69-main\\jarvis 11\\util\\func\\user_notebook.py", "funcName": "getText", "action": "getText", "start": null, "end": null}
{"asctime": "2024-12-20 23:43:42,835", "levelname": "INFO", "message": "getting text", "name": "C:\\Users\\ASUS\\PycharmProjects\\jarvis-69-main\\jarvis 11\\util\\func\\user_notebook.py", "funcName": "getText", "action": "getText", "start": null, "end": null}
