{"asctime": "2024-12-20 02:43:50,004", "levelname": "INFO", "message": "initializing user_notebook", "name": "C:\\Users\\ASUS\\PycharmProjects\\jarvis-69-main\\jarvis 7\\util\\func\\user_notebook.py", "funcName": "__init__", "action": "init", "userNotebook": "<modules.database.text_store.TextStore object at 0x0000019C76CCAB30>"}
{"asctime": "2024-12-20 02:44:02,364", "levelname": "INFO", "message": "getting text", "name": "C:\\Users\\ASUS\\PycharmProjects\\jarvis-69-main\\jarvis 7\\util\\func\\user_notebook.py", "funcName": "getText", "action": "getText", "start": null, "end": null}
{"asctime": "2024-12-20 02:44:02,366", "levelname": "INFO", "message": "getting text", "name": "C:\\Users\\ASUS\\PycharmProjects\\jarvis-69-main\\jarvis 7\\util\\func\\user_notebook.py", "funcName": "getText", "action": "getText", "start": null, "end": null}
{"asctime": "2024-12-20 02:44:24,636", "levelname": "INFO", "message": "getting text", "name": "C:\\Users\\ASUS\\PycharmProjects\\jarvis-69-main\\jarvis 7\\util\\func\\user_notebook.py", "funcName": "getText", "action": "getText", "start": null, "end": null}
{"asctime": "2024-12-20 02:44:24,639", "levelname": "INFO", "message": "getting text", "name": "C:\\Users\\ASUS\\PycharmProjects\\jarvis-69-main\\jarvis 7\\util\\func\\user_notebook.py", "funcName": "getText", "action": "getText", "start": null, "end": null}
{"asctime": "2024-12-20 02:45:45,910", "levelname": "INFO", "message": "getting text", "name": "C:\\Users\\ASUS\\PycharmProjects\\jarvis-69-main\\jarvis 7\\util\\func\\user_notebook.py", "funcName": "getText", "action": "getText", "start": null, "end": null}
{"asctime": "2024-12-20 02:45:45,912", "levelname": "INFO", "message": "getting text", "name": "C:\\Users\\ASUS\\PycharmProjects\\jarvis-69-main\\jarvis 7\\util\\func\\user_notebook.py", "funcName": "getText", "action": "getText", "start": null, "end": null}
{"asctime": "2024-12-20 02:48:42,280", "levelname": "INFO", "message": "getting text", "name": "C:\\Users\\ASUS\\PycharmProjects\\jarvis-69-main\\jarvis 7\\util\\func\\user_notebook.py", "funcName": "getText", "action": "getText", "start": null, "end": null}
{"asctime": "2024-12-20 02:48:42,282", "levelname": "INFO", "message": "getting text", "name": "C:\\Users\\ASUS\\PycharmProjects\\jarvis-69-main\\jarvis 7\\util\\func\\user_notebook.py", "funcName": "getText", "action": "getText", "start": null, "end": null}
{"asctime": "2024-12-20 02:49:23,370", "levelname": "INFO", "message": "getting text", "name": "C:\\Users\\ASUS\\PycharmProjects\\jarvis-69-main\\jarvis 7\\util\\func\\user_notebook.py", "funcName": "getText", "action": "getText", "start": null, "end": null}
{"asctime": "2024-12-20 02:49:23,372", "levelname": "INFO", "message": "getting text", "name": "C:\\Users\\ASUS\\PycharmProjects\\jarvis-69-main\\jarvis 7\\util\\func\\user_notebook.py", "funcName": "getText", "action": "getText", "start": null, "end": null}
{"asctime": "2024-12-20 03:14:50,273", "levelname": "INFO", "message": "initializing user_notebook", "name": "C:\\Users\\ASUS\\PycharmProjects\\jarvis-69-main\\jarvis 8\\util\\func\\user_notebook.py", "funcName": "__init__", "action": "init", "userNotebook": "<modules.database.text_store.TextStore object at 0x0000016E96493100>"}
{"asctime": "2024-12-20 03:15:00,661", "levelname": "INFO", "message": "getting text", "name": "C:\\Users\\ASUS\\PycharmProjects\\jarvis-69-main\\jarvis 8\\util\\func\\user_notebook.py", "funcName": "getText", "action": "getText", "start": null, "end": null}
{"asctime": "2024-12-20 03:15:00,666", "levelname": "INFO", "message": "getting text", "name": "C:\\Users\\ASUS\\PycharmProjects\\jarvis-69-main\\jarvis 8\\util\\func\\user_notebook.py", "funcName": "getText", "action": "getText", "start": null, "end": null}
{"asctime": "2024-12-20 03:15:20,621", "levelname": "INFO", "message": "getting text", "name": "C:\\Users\\ASUS\\PycharmProjects\\jarvis-69-main\\jarvis 8\\util\\func\\user_notebook.py", "funcName": "getText", "action": "getText", "start": null, "end": null}
{"asctime": "2024-12-20 03:15:20,623", "levelname": "INFO", "message": "getting text", "name": "C:\\Users\\ASUS\\PycharmProjects\\jarvis-69-main\\jarvis 8\\util\\func\\user_notebook.py", "funcName": "getText", "action": "getText", "start": null, "end": null}
{"asctime": "2024-12-20 03:15:59,102", "levelname": "INFO", "message": "getting text", "name": "C:\\Users\\ASUS\\PycharmProjects\\jarvis-69-main\\jarvis 8\\util\\func\\user_notebook.py", "funcName": "getText", "action": "getText", "start": null, "end": null}
{"asctime": "2024-12-20 03:15:59,104", "levelname": "INFO", "message": "getting text", "name": "C:\\Users\\ASUS\\PycharmProjects\\jarvis-69-main\\jarvis 8\\util\\func\\user_notebook.py", "funcName": "getText", "action": "getText", "start": null, "end": null}
{"asctime": "2024-12-20 03:17:32,652", "levelname": "INFO", "message": "adding record", "name": "C:\\Users\\ASUS\\PycharmProjects\\jarvis-69-main\\jarvis 8\\util\\func\\user_notebook.py", "funcName": "addRecord", "action": "addRecord", "textLine": "990acfe570e7443fadbc1dbda88ac979bd3d9324928ba2767e740667430ec1e4"}
{"asctime": "2024-12-20 03:19:06,874", "levelname": "INFO", "message": "initializing user_notebook", "name": "C:\\Users\\ASUS\\PycharmProjects\\jarvis-69-main\\jarvis 8\\util\\func\\user_notebook.py", "funcName": "__init__", "action": "init", "userNotebook": "<modules.database.text_store.TextStore object at 0x000001B18A5A3100>"}
{"asctime": "2024-12-20 03:19:15,655", "levelname": "INFO", "message": "getting text", "name": "C:\\Users\\ASUS\\PycharmProjects\\jarvis-69-main\\jarvis 8\\util\\func\\user_notebook.py", "funcName": "getText", "action": "getText", "start": null, "end": null}
{"asctime": "2024-12-20 03:19:15,659", "levelname": "INFO", "message": "getting text", "name": "C:\\Users\\ASUS\\PycharmProjects\\jarvis-69-main\\jarvis 8\\util\\func\\user_notebook.py", "funcName": "getText", "action": "getText", "start": null, "end": null}
{"asctime": "2024-12-20 03:20:50,112", "levelname": "INFO", "message": "adding record", "name": "C:\\Users\\ASUS\\PycharmProjects\\jarvis-69-main\\jarvis 8\\util\\func\\user_notebook.py", "funcName": "addRecord", "action": "addRecord", "textLine": "990acfe570e7443fadbc1dbda88ac979bd3d9324928ba2767e740667430ec1e4"}
{"asctime": "2024-12-20 03:20:50,113", "levelname": "INFO", "message": "adding record", "name": "C:\\Users\\ASUS\\PycharmProjects\\jarvis-69-main\\jarvis 8\\util\\func\\user_notebook.py", "funcName": "addRecord", "action": "addRecord", "textLine": "fb009395cce0451eb96ea91216077e7a7be4aa7dc28f9518938c9d989a6525e3"}
{"asctime": "2024-12-20 03:20:50,113", "levelname": "INFO", "message": "adding record", "name": "C:\\Users\\ASUS\\PycharmProjects\\jarvis-69-main\\jarvis 8\\util\\func\\user_notebook.py", "funcName": "addRecord", "action": "addRecord", "textLine": "e7dd65783b46aad4f0e4847b4941dbb13f51c981ddd46846a001d52495907998"}
{"asctime": "2024-12-20 03:20:50,114", "levelname": "INFO", "message": "adding record", "name": "C:\\Users\\ASUS\\PycharmProjects\\jarvis-69-main\\jarvis 8\\util\\func\\user_notebook.py", "funcName": "addRecord", "action": "addRecord", "textLine": "45a67911e2a82194a5826e2136387f3836bf122835010790af0ea58ea42fa492"}
{"asctime": "2024-12-20 03:21:08,539", "levelname": "INFO", "message": "getting text", "name": "C:\\Users\\ASUS\\PycharmProjects\\jarvis-69-main\\jarvis 8\\util\\func\\user_notebook.py", "funcName": "getText", "action": "getText", "start": null, "end": null}
{"asctime": "2024-12-20 03:21:08,541", "levelname": "INFO", "message": "getting text", "name": "C:\\Users\\ASUS\\PycharmProjects\\jarvis-69-main\\jarvis 8\\util\\func\\user_notebook.py", "funcName": "getText", "action": "getText", "start": null, "end": null}
{"asctime": "2024-12-20 03:21:22,527", "levelname": "INFO", "message": "adding record", "name": "C:\\Users\\ASUS\\PycharmProjects\\jarvis-69-main\\jarvis 8\\util\\func\\user_notebook.py", "funcName": "addRecord", "action": "addRecord", "textLine": "a0405a83c9c2b9c7133011f98d9fd61f5e0e2a8ddeaea1a270d5c50a2c57e150"}
{"asctime": "2024-12-20 03:21:22,530", "levelname": "INFO", "message": "adding record", "name": "C:\\Users\\ASUS\\PycharmProjects\\jarvis-69-main\\jarvis 8\\util\\func\\user_notebook.py", "funcName": "addRecord", "action": "addRecord", "textLine": "5f3338fbbcb9d18a7539f1568fd381432cb971e38c4690923028622137d76866"}
{"asctime": "2024-12-20 03:21:22,530", "levelname": "INFO", "message": "adding record", "name": "C:\\Users\\ASUS\\PycharmProjects\\jarvis-69-main\\jarvis 8\\util\\func\\user_notebook.py", "funcName": "addRecord", "action": "addRecord", "textLine": "9f8ace6a3c431257fae10561b2426b902da22a25e6df8b74fe974b30db2581ec"}
{"asctime": "2024-12-20 03:21:22,533", "levelname": "INFO", "message": "adding record", "name": "C:\\Users\\ASUS\\PycharmProjects\\jarvis-69-main\\jarvis 8\\util\\func\\user_notebook.py", "funcName": "addRecord", "action": "addRecord", "textLine": "bac946ab90d239ae7c594011e47a38c009c56586e970d33b7171adf1fbe9a7cf"}
{"asctime": "2024-12-20 03:21:22,561", "levelname": "INFO", "message": "getting text", "name": "C:\\Users\\ASUS\\PycharmProjects\\jarvis-69-main\\jarvis 8\\util\\func\\user_notebook.py", "funcName": "getText", "action": "getText", "start": null, "end": null}
{"asctime": "2024-12-20 03:21:22,563", "levelname": "INFO", "message": "getting text", "name": "C:\\Users\\ASUS\\PycharmProjects\\jarvis-69-main\\jarvis 8\\util\\func\\user_notebook.py", "funcName": "getText", "action": "getText", "start": null, "end": null}
{"asctime": "2024-12-20 03:22:00,157", "levelname": "INFO", "message": "adding record", "name": "C:\\Users\\ASUS\\PycharmProjects\\jarvis-69-main\\jarvis 8\\util\\func\\user_notebook.py", "funcName": "addRecord", "action": "addRecord", "textLine": "4b2ff2d63ff3d67e2b2aab0c604fd1e6593c54d7ec43055045e5b6909fac0c25"}
{"asctime": "2024-12-20 03:22:00,159", "levelname": "INFO", "message": "adding record", "name": "C:\\Users\\ASUS\\PycharmProjects\\jarvis-69-main\\jarvis 8\\util\\func\\user_notebook.py", "funcName": "addRecord", "action": "addRecord", "textLine": "a09f62b6109124db1aa0d5d050dd085e9a519ef80364d61b4bd6c3efe57d5786"}
{"asctime": "2024-12-20 03:22:00,160", "levelname": "INFO", "message": "adding record", "name": "C:\\Users\\ASUS\\PycharmProjects\\jarvis-69-main\\jarvis 8\\util\\func\\user_notebook.py", "funcName": "addRecord", "action": "addRecord", "textLine": "9570539af6ded294e42aefee0c654acc0b896152659227bce8a59747afa2b09c"}
{"asctime": "2024-12-20 03:22:00,160", "levelname": "INFO", "message": "adding record", "name": "C:\\Users\\ASUS\\PycharmProjects\\jarvis-69-main\\jarvis 8\\util\\func\\user_notebook.py", "funcName": "addRecord", "action": "addRecord", "textLine": "990acfe570e7443fadbc1dbda88ac979bd3d9324928ba2767e740667430ec1e4"}
{"asctime": "2024-12-20 03:22:00,160", "levelname": "INFO", "message": "adding record", "name": "C:\\Users\\ASUS\\PycharmProjects\\jarvis-69-main\\jarvis 8\\util\\func\\user_notebook.py", "funcName": "addRecord", "action": "addRecord", "textLine": "7b99d468dade4cc1fc7136a1ed9e516b55fe45b6b3e6ded85bd29dd008703e22"}
{"asctime": "2024-12-20 03:22:00,196", "levelname": "INFO", "message": "getting text", "name": "C:\\Users\\ASUS\\PycharmProjects\\jarvis-69-main\\jarvis 8\\util\\func\\user_notebook.py", "funcName": "getText", "action": "getText", "start": null, "end": null}
{"asctime": "2024-12-20 03:22:00,199", "levelname": "INFO", "message": "getting text", "name": "C:\\Users\\ASUS\\PycharmProjects\\jarvis-69-main\\jarvis 8\\util\\func\\user_notebook.py", "funcName": "getText", "action": "getText", "start": null, "end": null}
{"asctime": "2024-12-20 03:22:38,854", "levelname": "INFO", "message": "adding record", "name": "C:\\Users\\ASUS\\PycharmProjects\\jarvis-69-main\\jarvis 8\\util\\func\\user_notebook.py", "funcName": "addRecord", "action": "addRecord", "textLine": "b5c2bfc0e6aa3301a7784e0728d7c0fbf9fdfe56646479b5228c6890fe0d84d2"}
{"asctime": "2024-12-20 03:22:38,856", "levelname": "INFO", "message": "adding record", "name": "C:\\Users\\ASUS\\PycharmProjects\\jarvis-69-main\\jarvis 8\\util\\func\\user_notebook.py", "funcName": "addRecord", "action": "addRecord", "textLine": "9570539af6ded294e42aefee0c654acc0b896152659227bce8a59747afa2b09c"}
{"asctime": "2024-12-20 03:22:38,856", "levelname": "INFO", "message": "adding record", "name": "C:\\Users\\ASUS\\PycharmProjects\\jarvis-69-main\\jarvis 8\\util\\func\\user_notebook.py", "funcName": "addRecord", "action": "addRecord", "textLine": "d08f07e7649392e59e7adb984c189810556d5212aa0f42eb4be8b7a03597518a"}
{"asctime": "2024-12-20 03:22:38,856", "levelname": "INFO", "message": "adding record", "name": "C:\\Users\\ASUS\\PycharmProjects\\jarvis-69-main\\jarvis 8\\util\\func\\user_notebook.py", "funcName": "addRecord", "action": "addRecord", "textLine": "cbf40f10d5ed89d7499c576b9e2ed4bb4c183b16879fbb6e08d8fa8d8939b91a"}
{"asctime": "2024-12-20 03:22:38,887", "levelname": "INFO", "message": "getting text", "name": "C:\\Users\\ASUS\\PycharmProjects\\jarvis-69-main\\jarvis 8\\util\\func\\user_notebook.py", "funcName": "getText", "action": "getText", "start": null, "end": null}
{"asctime": "2024-12-20 03:22:38,889", "levelname": "INFO", "message": "getting text", "name": "C:\\Users\\ASUS\\PycharmProjects\\jarvis-69-main\\jarvis 8\\util\\func\\user_notebook.py", "funcName": "getText", "action": "getText", "start": null, "end": null}
{"asctime": "2024-12-20 03:27:12,024", "levelname": "INFO", "message": "initializing user_notebook", "name": "C:\\Users\\ASUS\\PycharmProjects\\jarvis-69-main\\jarvis 8\\util\\func\\user_notebook.py", "funcName": "__init__", "action": "init", "userNotebook": "<modules.database.text_store.TextStore object at 0x0000012D0A98AA40>"}
{"asctime": "2024-12-20 03:27:21,787", "levelname": "INFO", "message": "adding record", "name": "C:\\Users\\ASUS\\PycharmProjects\\jarvis-69-main\\jarvis 8\\util\\func\\user_notebook.py", "funcName": "addRecord", "action": "addRecord", "textLine": "44cc02d8698e2d913c03473659821cb81ec7fb3bd3e71c44d6f3f403788005fb"}
{"asctime": "2024-12-20 03:27:21,817", "levelname": "INFO", "message": "getting text", "name": "C:\\Users\\ASUS\\PycharmProjects\\jarvis-69-main\\jarvis 8\\util\\func\\user_notebook.py", "funcName": "getText", "action": "getText", "start": null, "end": null}
{"asctime": "2024-12-20 03:27:21,820", "levelname": "INFO", "message": "getting text", "name": "C:\\Users\\ASUS\\PycharmProjects\\jarvis-69-main\\jarvis 8\\util\\func\\user_notebook.py", "funcName": "getText", "action": "getText", "start": null, "end": null}
{"asctime": "2024-12-20 03:27:44,173", "levelname": "INFO", "message": "adding record", "name": "C:\\Users\\ASUS\\PycharmProjects\\jarvis-69-main\\jarvis 8\\util\\func\\user_notebook.py", "funcName": "addRecord", "action": "addRecord", "textLine": "6d5ef919084b9c4c703d76478c80c4cf81c881e19dfd7a60cb13f285755d0278"}
{"asctime": "2024-12-20 03:27:53,247", "levelname": "INFO", "message": "adding record", "name": "C:\\Users\\ASUS\\PycharmProjects\\jarvis-69-main\\jarvis 8\\util\\func\\user_notebook.py", "funcName": "addRecord", "action": "addRecord", "textLine": "86c965284e461fd424fbf548c9ebde6b657ab7184c350d55c1c50768387eef68"}
{"asctime": "2024-12-20 03:28:34,233", "levelname": "INFO", "message": "adding record", "name": "C:\\Users\\ASUS\\PycharmProjects\\jarvis-69-main\\jarvis 8\\util\\func\\user_notebook.py", "funcName": "addRecord", "action": "addRecord", "textLine": "d7cfdc1eb989ef2d2eaeb63348944324b52be968ec6df6a4a12327b078f59678"}
{"asctime": "2024-12-20 03:31:01,547", "levelname": "INFO", "message": "initializing user_notebook", "name": "C:\\Users\\ASUS\\PycharmProjects\\jarvis-69-main\\jarvis 8\\util\\func\\user_notebook.py", "funcName": "__init__", "action": "init", "userNotebook": "<modules.database.text_store.TextStore object at 0x0000024360416DD0>"}
{"asctime": "2024-12-20 03:31:13,491", "levelname": "INFO", "message": "adding record", "name": "C:\\Users\\ASUS\\PycharmProjects\\jarvis-69-main\\jarvis 8\\util\\func\\user_notebook.py", "funcName": "addRecord", "action": "addRecord", "textLine": "44cc02d8698e2d913c03473659821cb81ec7fb3bd3e71c44d6f3f403788005fb"}
{"asctime": "2024-12-20 03:31:13,507", "levelname": "INFO", "message": "getting text", "name": "C:\\Users\\ASUS\\PycharmProjects\\jarvis-69-main\\jarvis 8\\util\\func\\user_notebook.py", "funcName": "getText", "action": "getText", "start": null, "end": null}
{"asctime": "2024-12-20 03:31:13,513", "levelname": "INFO", "message": "getting text", "name": "C:\\Users\\ASUS\\PycharmProjects\\jarvis-69-main\\jarvis 8\\util\\func\\user_notebook.py", "funcName": "getText", "action": "getText", "start": null, "end": null}
{"asctime": "2024-12-20 03:31:52,557", "levelname": "INFO", "message": "getting text", "name": "C:\\Users\\ASUS\\PycharmProjects\\jarvis-69-main\\jarvis 8\\util\\func\\user_notebook.py", "funcName": "getText", "action": "getText", "start": null, "end": null}
{"asctime": "2024-12-20 03:31:52,560", "levelname": "INFO", "message": "getting text", "name": "C:\\Users\\ASUS\\PycharmProjects\\jarvis-69-main\\jarvis 8\\util\\func\\user_notebook.py", "funcName": "getText", "action": "getText", "start": null, "end": null}
{"asctime": "2024-12-20 03:32:34,103", "levelname": "INFO", "message": "adding record", "name": "C:\\Users\\ASUS\\PycharmProjects\\jarvis-69-main\\jarvis 8\\util\\func\\user_notebook.py", "funcName": "addRecord", "action": "addRecord", "textLine": "d2b7bfbb0496c5221daa87332cd392c78e9cea4998f57ea6053b3c42f6c7748f"}
{"asctime": "2024-12-20 03:33:27,417", "levelname": "INFO", "message": "adding record", "name": "C:\\Users\\ASUS\\PycharmProjects\\jarvis-69-main\\jarvis 8\\util\\func\\user_notebook.py", "funcName": "addRecord", "action": "addRecord", "textLine": "38a14b9b5c547a3bda3fb30093ff3a584f41524a5490d879ba5976358a3fa96d"}
{"asctime": "2024-12-20 03:33:27,429", "levelname": "INFO", "message": "getting text", "name": "C:\\Users\\ASUS\\PycharmProjects\\jarvis-69-main\\jarvis 8\\util\\func\\user_notebook.py", "funcName": "getText", "action": "getText", "start": null, "end": null}
{"asctime": "2024-12-20 03:33:27,433", "levelname": "INFO", "message": "getting text", "name": "C:\\Users\\ASUS\\PycharmProjects\\jarvis-69-main\\jarvis 8\\util\\func\\user_notebook.py", "funcName": "getText", "action": "getText", "start": null, "end": null}
{"asctime": "2024-12-20 03:40:30,915", "levelname": "INFO", "message": "initializing user_notebook", "name": "C:\\Users\\ASUS\\PycharmProjects\\jarvis-69-main\\jarvis 8\\util\\func\\user_notebook.py", "funcName": "__init__", "action": "init", "userNotebook": "<modules.database.text_store.TextStore object at 0x00000201C6376B00>"}
{"asctime": "2024-12-20 03:40:43,613", "levelname": "INFO", "message": "adding record", "name": "C:\\Users\\ASUS\\PycharmProjects\\jarvis-69-main\\jarvis 8\\util\\func\\user_notebook.py", "funcName": "addRecord", "action": "addRecord", "textLine": "44cc02d8698e2d913c03473659821cb81ec7fb3bd3e71c44d6f3f403788005fb"}
{"asctime": "2024-12-20 03:40:43,626", "levelname": "INFO", "message": "getting text", "name": "C:\\Users\\ASUS\\PycharmProjects\\jarvis-69-main\\jarvis 8\\util\\func\\user_notebook.py", "funcName": "getText", "action": "getText", "start": null, "end": null}
{"asctime": "2024-12-20 03:40:43,628", "levelname": "INFO", "message": "getting text", "name": "C:\\Users\\ASUS\\PycharmProjects\\jarvis-69-main\\jarvis 8\\util\\func\\user_notebook.py", "funcName": "getText", "action": "getText", "start": null, "end": null}
{"asctime": "2024-12-20 03:41:19,021", "levelname": "INFO", "message": "adding record", "name": "C:\\Users\\ASUS\\PycharmProjects\\jarvis-69-main\\jarvis 8\\util\\func\\user_notebook.py", "funcName": "addRecord", "action": "addRecord", "textLine": "c6a08ac307a6e5499961a32fc40258d0777a0aeb1c4ca1208df1ebd3ed77df46"}
{"asctime": "2024-12-20 03:43:11,868", "levelname": "INFO", "message": "adding record", "name": "C:\\Users\\ASUS\\PycharmProjects\\jarvis-69-main\\jarvis 8\\util\\func\\user_notebook.py", "funcName": "addRecord", "action": "addRecord", "textLine": "76a448b4079551c66fb3d0b7f52083eb40e2ddf3d67b3377f1689d4434ddf041"}
{"asctime": "2024-12-20 03:43:32,862", "levelname": "INFO", "message": "adding record", "name": "C:\\Users\\ASUS\\PycharmProjects\\jarvis-69-main\\jarvis 8\\util\\func\\user_notebook.py", "funcName": "addRecord", "action": "addRecord", "textLine": "38a14b9b5c547a3bda3fb30093ff3a584f41524a5490d879ba5976358a3fa96d"}
{"asctime": "2024-12-20 03:43:32,879", "levelname": "INFO", "message": "getting text", "name": "C:\\Users\\ASUS\\PycharmProjects\\jarvis-69-main\\jarvis 8\\util\\func\\user_notebook.py", "funcName": "getText", "action": "getText", "start": null, "end": null}
{"asctime": "2024-12-20 03:43:32,882", "levelname": "INFO", "message": "getting text", "name": "C:\\Users\\ASUS\\PycharmProjects\\jarvis-69-main\\jarvis 8\\util\\func\\user_notebook.py", "funcName": "getText", "action": "getText", "start": null, "end": null}
{"asctime": "2024-12-20 03:44:51,742", "levelname": "INFO", "message": "adding record", "name": "C:\\Users\\ASUS\\PycharmProjects\\jarvis-69-main\\jarvis 8\\util\\func\\user_notebook.py", "funcName": "addRecord", "action": "addRecord", "textLine": "ed14a1f7d6816818ae6a5288751db4bbe8000ce941edfecf91a43840a0ece330"}
{"asctime": "2024-12-20 03:45:29,202", "levelname": "INFO", "message": "adding record", "name": "C:\\Users\\ASUS\\PycharmProjects\\jarvis-69-main\\jarvis 8\\util\\func\\user_notebook.py", "funcName": "addRecord", "action": "addRecord", "textLine": "dae2948c5f63ab927feb4351223702bf0118e03c0912c0e7333ba45a4f21da60"}
{"asctime": "2024-12-20 03:45:42,578", "levelname": "INFO", "message": "adding record", "name": "C:\\Users\\ASUS\\PycharmProjects\\jarvis-69-main\\jarvis 8\\util\\func\\user_notebook.py", "funcName": "addRecord", "action": "addRecord", "textLine": "352f14357669d1855db598bf462f65f781bb2d097cca461c2778a8b05a062620"}
{"asctime": "2024-12-20 03:45:54,435", "levelname": "INFO", "message": "adding record", "name": "C:\\Users\\ASUS\\PycharmProjects\\jarvis-69-main\\jarvis 8\\util\\func\\user_notebook.py", "funcName": "addRecord", "action": "addRecord", "textLine": "90e52653e4ed3003490bf0dea17edd34c86de81682489b61856cbf2af9603b03"}
{"asctime": "2024-12-20 03:46:17,860", "levelname": "INFO", "message": "initializing user_notebook", "name": "C:\\Users\\ASUS\\PycharmProjects\\jarvis-69-main\\jarvis 8\\util\\func\\user_notebook.py", "funcName": "__init__", "action": "init", "userNotebook": "<modules.database.text_store.TextStore object at 0x000002457DBD2C80>"}
{"asctime": "2024-12-20 03:46:39,453", "levelname": "INFO", "message": "adding record", "name": "C:\\Users\\ASUS\\PycharmProjects\\jarvis-69-main\\jarvis 8\\util\\func\\user_notebook.py", "funcName": "addRecord", "action": "addRecord", "textLine": "46d50f535fe41c7866898371b12d85109509f5d9ee0a670ed17e779cda0a694d"}
{"asctime": "2024-12-20 03:46:59,121", "levelname": "INFO", "message": "adding record", "name": "C:\\Users\\ASUS\\PycharmProjects\\jarvis-69-main\\jarvis 8\\util\\func\\user_notebook.py", "funcName": "addRecord", "action": "addRecord", "textLine": "fd1fc6dc0ea55f8fa55b70debfc2ec015f00bdb0c40c3d4c5dbe68ccb845ed1a"}
{"asctime": "2024-12-20 03:47:16,336", "levelname": "INFO", "message": "adding record", "name": "C:\\Users\\ASUS\\PycharmProjects\\jarvis-69-main\\jarvis 8\\util\\func\\user_notebook.py", "funcName": "addRecord", "action": "addRecord", "textLine": "e1b8a340d24c9feca257a827174ef7ff6bcaee48eabc6d67547aa0fac2051482"}
{"asctime": "2024-12-20 03:47:52,031", "levelname": "INFO", "message": "adding record", "name": "C:\\Users\\ASUS\\PycharmProjects\\jarvis-69-main\\jarvis 8\\util\\func\\user_notebook.py", "funcName": "addRecord", "action": "addRecord", "textLine": "24f9e9d87abbacdf4f31dfd487b84ac7f8e79e3899d8e8e3e93e821ba35e2e5b"}
{"asctime": "2024-12-20 03:48:19,322", "levelname": "INFO", "message": "initializing user_notebook", "name": "C:\\Users\\ASUS\\PycharmProjects\\jarvis-69-main\\jarvis 8\\util\\func\\user_notebook.py", "funcName": "__init__", "action": "init", "userNotebook": "<modules.database.text_store.TextStore object at 0x0000021475E52CE0>"}
{"asctime": "2024-12-20 03:48:32,704", "levelname": "INFO", "message": "adding record", "name": "C:\\Users\\ASUS\\PycharmProjects\\jarvis-69-main\\jarvis 8\\util\\func\\user_notebook.py", "funcName": "addRecord", "action": "addRecord", "textLine": "38d70baa3a3e7e262e4842f4bad1e5cc452163c3324fbaeebe478aeeffc51485"}
{"asctime": "2024-12-20 03:49:41,267", "levelname": "INFO", "message": "adding record", "name": "C:\\Users\\ASUS\\PycharmProjects\\jarvis-69-main\\jarvis 8\\util\\func\\user_notebook.py", "funcName": "addRecord", "action": "addRecord", "textLine": "f2c9dac262f19eb6656047159efd7ac6befd1d1b3c95874822e14739e426a037"}
{"asctime": "2024-12-20 03:50:13,373", "levelname": "INFO", "message": "adding record", "name": "C:\\Users\\ASUS\\PycharmProjects\\jarvis-69-main\\jarvis 8\\util\\func\\user_notebook.py", "funcName": "addRecord", "action": "addRecord", "textLine": "7a5bcdc06348ce7ef55d14cac5b0e7023ca9caa5387a3186ff0828cef3c71df9"}
{"asctime": "2024-12-20 03:51:27,875", "levelname": "INFO", "message": "adding record", "name": "C:\\Users\\ASUS\\PycharmProjects\\jarvis-69-main\\jarvis 8\\util\\func\\user_notebook.py", "funcName": "addRecord", "action": "addRecord", "textLine": "3a25d221c29f5956234e5d74fc2be865a14bffbbe8f15631734f71ba3c5a0803"}
{"asctime": "2024-12-20 03:52:04,954", "levelname": "INFO", "message": "adding record", "name": "C:\\Users\\ASUS\\PycharmProjects\\jarvis-69-main\\jarvis 8\\util\\func\\user_notebook.py", "funcName": "addRecord", "action": "addRecord", "textLine": "3a25d221c29f5956234e5d74fc2be865a14bffbbe8f15631734f71ba3c5a0803"}
{"asctime": "2024-12-20 03:52:40,960", "levelname": "INFO", "message": "adding record", "name": "C:\\Users\\ASUS\\PycharmProjects\\jarvis-69-main\\jarvis 8\\util\\func\\user_notebook.py", "funcName": "addRecord", "action": "addRecord", "textLine": "c0266824d40b04f3ece73a2c83fb0396473c886e2b9e5ca406aa1b384ecc0d7f"}
{"asctime": "2024-12-20 03:52:40,963", "levelname": "INFO", "message": "adding record", "name": "C:\\Users\\ASUS\\PycharmProjects\\jarvis-69-main\\jarvis 8\\util\\func\\user_notebook.py", "funcName": "addRecord", "action": "addRecord", "textLine": "3a25d221c29f5956234e5d74fc2be865a14bffbbe8f15631734f71ba3c5a0803"}
{"asctime": "2024-12-20 03:52:40,968", "levelname": "INFO", "message": "adding record", "name": "C:\\Users\\ASUS\\PycharmProjects\\jarvis-69-main\\jarvis 8\\util\\func\\user_notebook.py", "funcName": "addRecord", "action": "addRecord", "textLine": "7a5bcdc06348ce7ef55d14cac5b0e7023ca9caa5387a3186ff0828cef3c71df9"}
{"asctime": "2024-12-20 03:52:40,968", "levelname": "INFO", "message": "adding record", "name": "C:\\Users\\ASUS\\PycharmProjects\\jarvis-69-main\\jarvis 8\\util\\func\\user_notebook.py", "funcName": "addRecord", "action": "addRecord", "textLine": "f2c9dac262f19eb6656047159efd7ac6befd1d1b3c95874822e14739e426a037"}
{"asctime": "2024-12-20 03:52:40,968", "levelname": "INFO", "message": "adding record", "name": "C:\\Users\\ASUS\\PycharmProjects\\jarvis-69-main\\jarvis 8\\util\\func\\user_notebook.py", "funcName": "addRecord", "action": "addRecord", "textLine": "69a2a402116e151e1776c250a711ec6842ded1e97b8e1b7aac129d3821d001f7"}
{"asctime": "2024-12-20 03:52:40,968", "levelname": "INFO", "message": "adding record", "name": "C:\\Users\\ASUS\\PycharmProjects\\jarvis-69-main\\jarvis 8\\util\\func\\user_notebook.py", "funcName": "addRecord", "action": "addRecord", "textLine": "38d70baa3a3e7e262e4842f4bad1e5cc452163c3324fbaeebe478aeeffc51485"}
{"asctime": "2024-12-20 04:45:34,501", "levelname": "INFO", "message": "initializing user_notebook", "name": "C:\\Users\\ASUS\\PycharmProjects\\jarvis-69-main\\jarvis 8\\util\\func\\user_notebook.py", "funcName": "__init__", "action": "init", "userNotebook": "<modules.database.text_store.TextStore object at 0x000001E8DD4AAE00>"}
{"asctime": "2024-12-20 18:38:43,714", "levelname": "INFO", "message": "initializing user_notebook", "name": "C:\\Users\\ASUS\\PycharmProjects\\jarvis-69-main\\jarvis 8\\util\\func\\user_notebook.py", "funcName": "__init__", "action": "init", "userNotebook": "<modules.database.text_store.TextStore object at 0x000002D91585AE00>"}
{"asctime": "2024-12-20 18:38:57,303", "levelname": "INFO", "message": "adding record", "name": "C:\\Users\\ASUS\\PycharmProjects\\jarvis-69-main\\jarvis 8\\util\\func\\user_notebook.py", "funcName": "addRecord", "action": "addRecord", "textLine": "44cc02d8698e2d913c03473659821cb81ec7fb3bd3e71c44d6f3f403788005fb"}
{"asctime": "2024-12-20 18:38:57,374", "levelname": "INFO", "message": "getting text", "name": "C:\\Users\\ASUS\\PycharmProjects\\jarvis-69-main\\jarvis 8\\util\\func\\user_notebook.py", "funcName": "getText", "action": "getText", "start": null, "end": null}
{"asctime": "2024-12-20 18:38:57,377", "levelname": "INFO", "message": "getting text", "name": "C:\\Users\\ASUS\\PycharmProjects\\jarvis-69-main\\jarvis 8\\util\\func\\user_notebook.py", "funcName": "getText", "action": "getText", "start": null, "end": null}
{"asctime": "2024-12-20 23:24:36,201", "levelname": "INFO", "message": "initializing user_notebook", "name": "C:\\Users\\ASUS\\PycharmProjects\\jarvis-69-main\\jarvis 8\\util\\func\\user_notebook.py", "funcName": "__init__", "action": "init", "userNotebook": "<modules.database.text_store.TextStore object at 0x0000013DB33AB490>"}
{"asctime": "2024-12-20 23:24:54,201", "levelname": "INFO", "message": "getting text", "name": "C:\\Users\\ASUS\\PycharmProjects\\jarvis-69-main\\jarvis 8\\util\\func\\user_notebook.py", "funcName": "getText", "action": "getText", "start": null, "end": null}
{"asctime": "2024-12-20 23:24:54,203", "levelname": "INFO", "message": "getting text", "name": "C:\\Users\\ASUS\\PycharmProjects\\jarvis-69-main\\jarvis 8\\util\\func\\user_notebook.py", "funcName": "getText", "action": "getText", "start": null, "end": null}
{"asctime": "2024-12-20 23:44:26,798", "levelname": "INFO", "message": "initializing user_notebook", "name": "C:\\Users\\ASUS\\PycharmProjects\\jarvis-69-main\\jarvis 8\\util\\func\\user_notebook.py", "funcName": "__init__", "action": "init", "userNotebook": "<modules.database.text_store.TextStore object at 0x0000015CA357B040>"}
{"asctime": "2024-12-20 23:45:05,358", "levelname": "INFO", "message": "adding record", "name": "C:\\Users\\ASUS\\PycharmProjects\\jarvis-69-main\\jarvis 8\\util\\func\\user_notebook.py", "funcName": "addRecord", "action": "addRecord", "textLine": "25aa6a83d3e08f298fc7a0c0c924c70c0a91df73b0dbcc02489f818292d7eda8"}
{"asctime": "2024-12-20 23:45:05,380", "levelname": "INFO", "message": "getting text", "name": "C:\\Users\\ASUS\\PycharmProjects\\jarvis-69-main\\jarvis 8\\util\\func\\user_notebook.py", "funcName": "getText", "action": "getText", "start": null, "end": null}
{"asctime": "2024-12-20 23:45:05,384", "levelname": "INFO", "message": "getting text", "name": "C:\\Users\\ASUS\\PycharmProjects\\jarvis-69-main\\jarvis 8\\util\\func\\user_notebook.py", "funcName": "getText", "action": "getText", "start": null, "end": null}
